This file contains any messages produced by compilers while
running configure, to aid debugging if configure makes a mistake.

It was created by Geany configure 2.0, which was
generated by GNU Autoconf 2.71.  Invocation command line was

  $ ./configure

## --------- ##
## Platform. ##
## --------- ##

hostname = DESKTOP-07LCCCH
uname -m = x86_64
uname -r = 6.18.33.1-microsoft-standard-WSL2
uname -s = Linux
uname -v = #1 SMP PREEMPT_DYNAMIC Fri Jun  5 01:12:21 UTC 2026

/usr/bin/uname -p = x86_64
/bin/uname -X     = unknown

/bin/arch              = x86_64
/usr/bin/arch -k       = unknown
/usr/convex/getsysinfo = unknown
/usr/bin/hostinfo      = unknown
/bin/machine           = unknown
/usr/bin/oslevel       = unknown
/bin/universe          = unknown

PATH: /usr/local/sbin/
PATH: /usr/local/bin/
PATH: /usr/sbin/
PATH: /usr/bin/
PATH: /sbin/
PATH: /bin/
PATH: /usr/games/
PATH: /usr/local/games/
PATH: /usr/lib/wsl/lib/
PATH: /mnt/c/Program Files/WindowsApps/MicrosoftCorporationII.WindowsSubsystemForLinux_2.7.8.0_x64__8wekyb3d8bbwe/
PATH: /mnt/c/WINDOWS/system32/
PATH: /mnt/c/WINDOWS/
PATH: /mnt/c/WINDOWS/System32/Wbem/
PATH: /mnt/c/WINDOWS/System32/WindowsPowerShell/v1.0/
PATH: /mnt/c/WINDOWS/System32/OpenSSH/
PATH: /mnt/c/Program Files/Git/cmd/
PATH: /mnt/c/Users/Nakselano/AppData/Local/Programs/Python/Launcher/
PATH: /mnt/c/Users/Nakselano/AppData/Local/Microsoft/WindowsApps/
PATH: /snap/bin/


## ----------- ##
## Core tests. ##
## ----------- ##

configure:3059: looking for aux files: ltmain.sh ar-lib config.guess config.sub config.rpath compile missing install-sh
configure:3072:  trying ./build-aux/
configure:3101:   ./build-aux/ltmain.sh found
configure:3101:   ./build-aux/ar-lib found
configure:3101:   ./build-aux/config.guess found
configure:3101:   ./build-aux/config.sub found
configure:3101:   ./build-aux/config.rpath found
configure:3101:   ./build-aux/compile found
configure:3101:   ./build-aux/missing found
configure:3083:   ./build-aux/install-sh found
configure:3233: checking for a BSD-compatible install
configure:3306: result: /usr/bin/install -c
configure:3317: checking whether build environment is sane
configure:3372: result: yes
configure:3531: checking for a race-free mkdir -p
configure:3575: result: /usr/bin/mkdir -p
configure:3582: checking for gawk
configure:3603: found /usr/bin/gawk
configure:3614: result: gawk
configure:3625: checking whether make sets $(MAKE)
configure:3648: result: yes
configure:3678: checking whether make supports nested variables
configure:3696: result: yes
configure:3850: checking whether make supports the include directive
configure:3865: make -f confmf.GNU && cat confinc.out
this is the am__doit target
configure:3868: $? = 0
configure:3887: result: yes (GNU style)
configure:3963: checking for gcc
configure:3984: found /usr/bin/gcc
configure:3995: result: gcc
configure:4348: checking for C compiler version
configure:4357: gcc --version >&5
gcc (Ubuntu 13.3.0-6ubuntu2~24.04.1) 13.3.0
Copyright (C) 2023 Free Software Foundation, Inc.
This is free software; see the source for copying conditions.  There is NO
warranty; not even for MERCHANTABILITY or FITNESS FOR A PARTICULAR PURPOSE.

configure:4368: $? = 0
configure:4357: gcc -v >&5
Using built-in specs.
COLLECT_GCC=gcc
COLLECT_LTO_WRAPPER=/usr/libexec/gcc/x86_64-linux-gnu/13/lto-wrapper
OFFLOAD_TARGET_NAMES=nvptx-none:amdgcn-amdhsa
OFFLOAD_TARGET_DEFAULT=1
Target: x86_64-linux-gnu
Configured with: ../src/configure -v --with-pkgversion='Ubuntu 13.3.0-6ubuntu2~24.04.1' --with-bugurl=file:///usr/share/doc/gcc-13/README.Bugs --enable-languages=c,ada,c++,go,d,fortran,objc,obj-c++,m2 --prefix=/usr --with-gcc-major-version-only --program-suffix=-13 --program-prefix=x86_64-linux-gnu- --enable-shared --enable-linker-build-id --libexecdir=/usr/libexec --without-included-gettext --enable-threads=posix --libdir=/usr/lib --enable-nls --enable-bootstrap --enable-clocale=gnu --enable-libstdcxx-debug --enable-libstdcxx-time=yes --with-default-libstdcxx-abi=new --enable-libstdcxx-backtrace --enable-gnu-unique-object --disable-vtable-verify --enable-plugin --enable-default-pie --with-system-zlib --enable-libphobos-checking=release --with-target-system-zlib=auto --enable-objc-gc=auto --enable-multiarch --disable-werror --enable-cet --with-arch-32=i686 --with-abi=m64 --with-multilib-list=m32,m64,mx32 --enable-multilib --with-tune=generic --enable-offload-targets=nvptx-none=/build/gcc-13-EldibY/gcc-13-13.3.0/debian/tmp-nvptx/usr,amdgcn-amdhsa=/build/gcc-13-EldibY/gcc-13-13.3.0/debian/tmp-gcn/usr --enable-offload-defaulted --without-cuda-driver --enable-checking=release --build=x86_64-linux-gnu --host=x86_64-linux-gnu --target=x86_64-linux-gnu --with-build-config=bootstrap-lto-lean --enable-link-serialization=2
Thread model: posix
Supported LTO compression algorithms: zlib zstd
gcc version 13.3.0 (Ubuntu 13.3.0-6ubuntu2~24.04.1) 
... rest of stderr output deleted ...
configure:4368: $? = 0
configure:4357: gcc -V >&5
gcc: error: unrecognized command-line option '-V'
gcc: fatal error: no input files
compilation terminated.
configure:4368: $? = 1
configure:4357: gcc -qversion >&5
gcc: error: unrecognized command-line option '-qversion'; did you mean '--version'?
gcc: fatal error: no input files
compilation terminated.
configure:4368: $? = 1
configure:4357: gcc -version >&5
gcc: error: unrecognized command-line option '-version'
gcc: fatal error: no input files
compilation terminated.
configure:4368: $? = 1
configure:4388: checking whether the C compiler works
configure:4410: gcc    conftest.c  >&5
configure:4414: $? = 0
configure:4464: result: yes
configure:4467: checking for C compiler default output file name
configure:4469: result: a.out
configure:4475: checking for suffix of executables
configure:4482: gcc -o conftest    conftest.c  >&5
configure:4486: $? = 0
configure:4509: result: 
configure:4531: checking whether we are cross compiling
configure:4539: gcc -o conftest    conftest.c  >&5
configure:4543: $? = 0
configure:4550: ./conftest
configure:4554: $? = 0
configure:4569: result: no
configure:4574: checking for suffix of object files
configure:4597: gcc -c   conftest.c >&5
configure:4601: $? = 0
configure:4623: result: o
configure:4627: checking whether the compiler supports GNU C
configure:4647: gcc -c   conftest.c >&5
configure:4647: $? = 0
configure:4657: result: yes
configure:4668: checking whether gcc accepts -g
configure:4689: gcc -c -g  conftest.c >&5
configure:4689: $? = 0
configure:4733: result: yes
configure:4753: checking for gcc option to enable C11 features
configure:4768: gcc  -c -g -O2  conftest.c >&5
configure:4768: $? = 0
configure:4786: result: none needed
configure:4902: checking whether gcc understands -c and -o together
configure:4925: gcc -c conftest.c -o conftest2.o
configure:4928: $? = 0
configure:4925: gcc -c conftest.c -o conftest2.o
configure:4928: $? = 0
configure:4940: result: yes
configure:4959: checking dependency style of gcc
configure:5071: result: gcc3
configure:5091: checking for stdio.h
configure:5091: gcc -c -g -O2  conftest.c >&5
configure:5091: $? = 0
configure:5091: result: yes
configure:5091: checking for stdlib.h
configure:5091: gcc -c -g -O2  conftest.c >&5
configure:5091: $? = 0
configure:5091: result: yes
configure:5091: checking for string.h
configure:5091: gcc -c -g -O2  conftest.c >&5
configure:5091: $? = 0
configure:5091: result: yes
configure:5091: checking for inttypes.h
configure:5091: gcc -c -g -O2  conftest.c >&5
configure:5091: $? = 0
configure:5091: result: yes
configure:5091: checking for stdint.h
configure:5091: gcc -c -g -O2  conftest.c >&5
configure:5091: $? = 0
configure:5091: result: yes
configure:5091: checking for strings.h
configure:5091: gcc -c -g -O2  conftest.c >&5
configure:5091: $? = 0
configure:5091: result: yes
configure:5091: checking for sys/stat.h
configure:5091: gcc -c -g -O2  conftest.c >&5
configure:5091: $? = 0
configure:5091: result: yes
configure:5091: checking for sys/types.h
configure:5091: gcc -c -g -O2  conftest.c >&5
configure:5091: $? = 0
configure:5091: result: yes
configure:5091: checking for unistd.h
configure:5091: gcc -c -g -O2  conftest.c >&5
configure:5091: $? = 0
configure:5091: result: yes
configure:5091: checking for wchar.h
configure:5091: gcc -c -g -O2  conftest.c >&5
configure:5091: $? = 0
configure:5091: result: yes
configure:5091: checking for minix/config.h
configure:5091: gcc -c -g -O2  conftest.c >&5
conftest.c:49:10: fatal error: minix/config.h: No such file or directory
   49 | #include <minix/config.h>
      |          ^~~~~~~~~~~~~~~~
compilation terminated.
configure:5091: $? = 1
configure: failed program was:
| /* confdefs.h */
| #define PACKAGE_NAME "Geany"
| #define PACKAGE_TARNAME "geany"
| #define PACKAGE_VERSION "2.0"
| #define PACKAGE_STRING "Geany 2.0"
| #define PACKAGE_BUGREPORT "https://github.com/geany/geany/issues"
| #define PACKAGE_URL ""
| #define PACKAGE "geany"
| #define VERSION "2.0"
| #define HAVE_STDIO_H 1
| #define HAVE_STDLIB_H 1
| #define HAVE_STRING_H 1
| #define HAVE_INTTYPES_H 1
| #define HAVE_STDINT_H 1
| #define HAVE_STRINGS_H 1
| #define HAVE_SYS_STAT_H 1
| #define HAVE_SYS_TYPES_H 1
| #define HAVE_UNISTD_H 1
| #define HAVE_WCHAR_H 1
| /* end confdefs.h.  */
| #include <stddef.h>
| #ifdef HAVE_STDIO_H
| # include <stdio.h>
| #endif
| #ifdef HAVE_STDLIB_H
| # include <stdlib.h>
| #endif
| #ifdef HAVE_STRING_H
| # include <string.h>
| #endif
| #ifdef HAVE_INTTYPES_H
| # include <inttypes.h>
| #endif
| #ifdef HAVE_STDINT_H
| # include <stdint.h>
| #endif
| #ifdef HAVE_STRINGS_H
| # include <strings.h>
| #endif
| #ifdef HAVE_SYS_TYPES_H
| # include <sys/types.h>
| #endif
| #ifdef HAVE_SYS_STAT_H
| # include <sys/stat.h>
| #endif
| #ifdef HAVE_UNISTD_H
| # include <unistd.h>
| #endif
| #include <minix/config.h>
configure:5091: result: no
configure:5122: checking whether it is safe to define __EXTENSIONS__
configure:5141: gcc -c -g -O2  conftest.c >&5
configure:5141: $? = 0
configure:5149: result: yes
configure:5152: checking whether _XOPEN_SOURCE should be defined
configure:5174: gcc -c -g -O2  conftest.c >&5
configure:5174: $? = 0
configure:5201: result: no
configure:5259: checking for a sed that does not truncate output
configure:5329: result: /usr/bin/sed
configure:5335: checking whether NLS is requested
configure:5345: result: yes
configure:5385: checking for msgfmt
configure: trying /usr/bin/msgfmt...
0 translated messages.
configure:5418: result: /usr/bin/msgfmt
configure:5427: checking for gmsgfmt
configure:5463: result: /usr/bin/msgfmt
configure:5513: checking for xgettext
configure: trying /usr/bin/xgettext...
/usr/bin/xgettext: warning: file '/dev/null' extension '' is unknown; will try C
configure:5546: result: /usr/bin/xgettext
configure:5591: checking for msgmerge
configure: trying /usr/bin/msgmerge...
configure:5623: result: /usr/bin/msgmerge
configure:5662: checking build system type
configure:5677: result: x86_64-pc-linux-gnu
configure:5697: checking host system type
configure:5711: result: x86_64-pc-linux-gnu
configure:5757: checking for ld used by gcc
configure:5825: result: /usr/bin/ld
configure:5832: checking if the linker (/usr/bin/ld) is GNU ld
configure:5848: result: yes
configure:5856: checking for shared library run path origin
configure:5870: result: done
configure:5895: checking how to run the C preprocessor
configure:5921: gcc -E  conftest.c
configure:5921: $? = 0
configure:5936: gcc -E  conftest.c
conftest.c:38:10: fatal error: ac_nonexistent.h: No such file or directory
   38 | #include <ac_nonexistent.h>
      |          ^~~~~~~~~~~~~~~~~~
compilation terminated.
configure:5936: $? = 1
configure: failed program was:
| /* confdefs.h */
| #define PACKAGE_NAME "Geany"
| #define PACKAGE_TARNAME "geany"
| #define PACKAGE_VERSION "2.0"
| #define PACKAGE_STRING "Geany 2.0"
| #define PACKAGE_BUGREPORT "https://github.com/geany/geany/issues"
| #define PACKAGE_URL ""
| #define PACKAGE "geany"
| #define VERSION "2.0"
| #define HAVE_STDIO_H 1
| #define HAVE_STDLIB_H 1
| #define HAVE_STRING_H 1
| #define HAVE_INTTYPES_H 1
| #define HAVE_STDINT_H 1
| #define HAVE_STRINGS_H 1
| #define HAVE_SYS_STAT_H 1
| #define HAVE_SYS_TYPES_H 1
| #define HAVE_UNISTD_H 1
| #define HAVE_WCHAR_H 1
| #define STDC_HEADERS 1
| #define _ALL_SOURCE 1
| #define _DARWIN_C_SOURCE 1
| #define _GNU_SOURCE 1
| #define _HPUX_ALT_XOPEN_SOCKET_API 1
| #define _NETBSD_SOURCE 1
| #define _OPENBSD_SOURCE 1
| #define _POSIX_PTHREAD_SEMANTICS 1
| #define __STDC_WANT_IEC_60559_ATTRIBS_EXT__ 1
| #define __STDC_WANT_IEC_60559_BFP_EXT__ 1
| #define __STDC_WANT_IEC_60559_DFP_EXT__ 1
| #define __STDC_WANT_IEC_60559_FUNCS_EXT__ 1
| #define __STDC_WANT_IEC_60559_TYPES_EXT__ 1
| #define __STDC_WANT_LIB_EXT2__ 1
| #define __STDC_WANT_MATH_SPEC_FUNCS__ 1
| #define _TANDEM_SOURCE 1
| #define __EXTENSIONS__ 1
| /* end confdefs.h.  */
| #include <ac_nonexistent.h>
configure:5963: result: gcc -E
configure:5977: gcc -E  conftest.c
configure:5977: $? = 0
configure:5992: gcc -E  conftest.c
conftest.c:38:10: fatal error: ac_nonexistent.h: No such file or directory
   38 | #include <ac_nonexistent.h>
      |          ^~~~~~~~~~~~~~~~~~
compilation terminated.
configure:5992: $? = 1
configure: failed program was:
| /* confdefs.h */
| #define PACKAGE_NAME "Geany"
| #define PACKAGE_TARNAME "geany"
| #define PACKAGE_VERSION "2.0"
| #define PACKAGE_STRING "Geany 2.0"
| #define PACKAGE_BUGREPORT "https://github.com/geany/geany/issues"
| #define PACKAGE_URL ""
| #define PACKAGE "geany"
| #define VERSION "2.0"
| #define HAVE_STDIO_H 1
| #define HAVE_STDLIB_H 1
| #define HAVE_STRING_H 1
| #define HAVE_INTTYPES_H 1
| #define HAVE_STDINT_H 1
| #define HAVE_STRINGS_H 1
| #define HAVE_SYS_STAT_H 1
| #define HAVE_SYS_TYPES_H 1
| #define HAVE_UNISTD_H 1
| #define HAVE_WCHAR_H 1
| #define STDC_HEADERS 1
| #define _ALL_SOURCE 1
| #define _DARWIN_C_SOURCE 1
| #define _GNU_SOURCE 1
| #define _HPUX_ALT_XOPEN_SOCKET_API 1
| #define _NETBSD_SOURCE 1
| #define _OPENBSD_SOURCE 1
| #define _POSIX_PTHREAD_SEMANTICS 1
| #define __STDC_WANT_IEC_60559_ATTRIBS_EXT__ 1
| #define __STDC_WANT_IEC_60559_BFP_EXT__ 1
| #define __STDC_WANT_IEC_60559_DFP_EXT__ 1
| #define __STDC_WANT_IEC_60559_FUNCS_EXT__ 1
| #define __STDC_WANT_IEC_60559_TYPES_EXT__ 1
| #define __STDC_WANT_LIB_EXT2__ 1
| #define __STDC_WANT_MATH_SPEC_FUNCS__ 1
| #define _TANDEM_SOURCE 1
| #define __EXTENSIONS__ 1
| /* end confdefs.h.  */
| #include <ac_nonexistent.h>
configure:6023: checking for grep that handles long lines and -e
configure:6087: result: /usr/bin/grep
configure:6092: checking for egrep
configure:6160: result: /usr/bin/grep -E
configure:6721: checking for CFPreferencesCopyAppValue
configure:6740: gcc -o conftest -g -O2   conftest.c  -Wl,-framework -Wl,CoreFoundation >&5
conftest.c:38:10: fatal error: CoreFoundation/CFPreferences.h: No such file or directory
   38 | #include <CoreFoundation/CFPreferences.h>
      |          ^~~~~~~~~~~~~~~~~~~~~~~~~~~~~~~~
compilation terminated.
configure:6740: $? = 1
configure: failed program was:
| /* confdefs.h */
| #define PACKAGE_NAME "Geany"
| #define PACKAGE_TARNAME "geany"
| #define PACKAGE_VERSION "2.0"
| #define PACKAGE_STRING "Geany 2.0"
| #define PACKAGE_BUGREPORT "https://github.com/geany/geany/issues"
| #define PACKAGE_URL ""
| #define PACKAGE "geany"
| #define VERSION "2.0"
| #define HAVE_STDIO_H 1
| #define HAVE_STDLIB_H 1
| #define HAVE_STRING_H 1
| #define HAVE_INTTYPES_H 1
| #define HAVE_STDINT_H 1
| #define HAVE_STRINGS_H 1
| #define HAVE_SYS_STAT_H 1
| #define HAVE_SYS_TYPES_H 1
| #define HAVE_UNISTD_H 1
| #define HAVE_WCHAR_H 1
| #define STDC_HEADERS 1
| #define _ALL_SOURCE 1
| #define _DARWIN_C_SOURCE 1
| #define _GNU_SOURCE 1
| #define _HPUX_ALT_XOPEN_SOCKET_API 1
| #define _NETBSD_SOURCE 1
| #define _OPENBSD_SOURCE 1
| #define _POSIX_PTHREAD_SEMANTICS 1
| #define __STDC_WANT_IEC_60559_ATTRIBS_EXT__ 1
| #define __STDC_WANT_IEC_60559_BFP_EXT__ 1
| #define __STDC_WANT_IEC_60559_DFP_EXT__ 1
| #define __STDC_WANT_IEC_60559_FUNCS_EXT__ 1
| #define __STDC_WANT_IEC_60559_TYPES_EXT__ 1
| #define __STDC_WANT_LIB_EXT2__ 1
| #define __STDC_WANT_MATH_SPEC_FUNCS__ 1
| #define _TANDEM_SOURCE 1
| #define __EXTENSIONS__ 1
| /* end confdefs.h.  */
| #include <CoreFoundation/CFPreferences.h>
| int
| main (void)
| {
| CFPreferencesCopyAppValue(NULL, NULL)
|   ;
|   return 0;
| }
configure:6750: result: no
configure:6757: checking for CFLocaleCopyCurrent
configure:6776: gcc -o conftest -g -O2   conftest.c  -Wl,-framework -Wl,CoreFoundation >&5
conftest.c:38:10: fatal error: CoreFoundation/CFLocale.h: No such file or directory
   38 | #include <CoreFoundation/CFLocale.h>
      |          ^~~~~~~~~~~~~~~~~~~~~~~~~~~
compilation terminated.
configure:6776: $? = 1
configure: failed program was:
| /* confdefs.h */
| #define PACKAGE_NAME "Geany"
| #define PACKAGE_TARNAME "geany"
| #define PACKAGE_VERSION "2.0"
| #define PACKAGE_STRING "Geany 2.0"
| #define PACKAGE_BUGREPORT "https://github.com/geany/geany/issues"
| #define PACKAGE_URL ""
| #define PACKAGE "geany"
| #define VERSION "2.0"
| #define HAVE_STDIO_H 1
| #define HAVE_STDLIB_H 1
| #define HAVE_STRING_H 1
| #define HAVE_INTTYPES_H 1
| #define HAVE_STDINT_H 1
| #define HAVE_STRINGS_H 1
| #define HAVE_SYS_STAT_H 1
| #define HAVE_SYS_TYPES_H 1
| #define HAVE_UNISTD_H 1
| #define HAVE_WCHAR_H 1
| #define STDC_HEADERS 1
| #define _ALL_SOURCE 1
| #define _DARWIN_C_SOURCE 1
| #define _GNU_SOURCE 1
| #define _HPUX_ALT_XOPEN_SOCKET_API 1
| #define _NETBSD_SOURCE 1
| #define _OPENBSD_SOURCE 1
| #define _POSIX_PTHREAD_SEMANTICS 1
| #define __STDC_WANT_IEC_60559_ATTRIBS_EXT__ 1
| #define __STDC_WANT_IEC_60559_BFP_EXT__ 1
| #define __STDC_WANT_IEC_60559_DFP_EXT__ 1
| #define __STDC_WANT_IEC_60559_FUNCS_EXT__ 1
| #define __STDC_WANT_IEC_60559_TYPES_EXT__ 1
| #define __STDC_WANT_LIB_EXT2__ 1
| #define __STDC_WANT_MATH_SPEC_FUNCS__ 1
| #define _TANDEM_SOURCE 1
| #define __EXTENSIONS__ 1
| /* end confdefs.h.  */
| #include <CoreFoundation/CFLocale.h>
| int
| main (void)
| {
| CFLocaleCopyCurrent();
|   ;
|   return 0;
| }
configure:6786: result: no
configure:6835: checking for GNU gettext in libc
configure:6865: gcc -o conftest -g -O2   conftest.c  >&5
configure:6865: $? = 0
configure:6875: result: yes
configure:7732: checking whether to use NLS
configure:7734: result: yes
configure:7737: checking where the gettext function comes from
configure:7748: result: libc
configure:7818: checking whether make supports nested variables
configure:7836: result: yes
configure:7934: checking for ar
configure:7955: found /usr/bin/ar
configure:7966: result: ar
configure:7992: checking the archiver (ar) interface
configure:8009: gcc -c -g -O2  conftest.c >&5
configure:8009: $? = 0
configure:8012: ar cru libconftest.a conftest.o >&5
ar: `u' modifier ignored since `D' is the default (see `U')
configure:8015: $? = 0
configure:8043: result: ar
configure:8110: checking how to print strings
configure:8137: result: printf
configure:8158: checking for a sed that does not truncate output
configure:8228: result: /usr/bin/sed
configure:8246: checking for fgrep
configure:8314: result: /usr/bin/grep -F
configure:8350: checking for ld used by gcc
configure:8418: result: /usr/bin/ld
configure:8425: checking if the linker (/usr/bin/ld) is GNU ld
configure:8441: result: yes
configure:8453: checking for BSD- or MS-compatible name lister (nm)
configure:8508: result: /usr/bin/nm -B
configure:8648: checking the name lister (/usr/bin/nm -B) interface
configure:8656: gcc -c -g -O2  conftest.c >&5
configure:8659: /usr/bin/nm -B "conftest.o"
configure:8662: output
0000000000000000 B some_variable
configure:8669: result: BSD nm
configure:8672: checking whether ln -s works
configure:8676: result: yes
configure:8684: checking the maximum length of command line arguments
configure:8816: result: 1572864
configure:8864: checking how to convert x86_64-pc-linux-gnu file names to x86_64-pc-linux-gnu format
configure:8905: result: func_convert_file_noop
configure:8912: checking how to convert x86_64-pc-linux-gnu file names to toolchain format
configure:8933: result: func_convert_file_noop
configure:8940: checking for /usr/bin/ld option to reload object files
configure:8948: result: -r
configure:9027: checking for file
configure:9048: found /usr/bin/file
configure:9059: result: file
configure:9135: checking for objdump
configure:9156: found /usr/bin/objdump
configure:9167: result: objdump
configure:9199: checking how to recognize dependent libraries
configure:9400: result: pass_all
configure:9490: checking for dlltool
configure:9525: result: no
configure:9555: checking how to associate runtime and link libraries
configure:9583: result: printf %s\n
configure:9733: checking for archiver @FILE support
configure:9751: gcc -c -g -O2  conftest.c >&5
configure:9751: $? = 0
configure:9755: ar cr libconftest.a @conftest.lst >&5
configure:9758: $? = 0
configure:9763: ar cr libconftest.a @conftest.lst >&5
ar: conftest.o: No such file or directory
configure:9766: $? = 1
configure:9778: result: @
configure:9841: checking for strip
configure:9862: found /usr/bin/strip
configure:9873: result: strip
configure:9950: checking for ranlib
configure:9971: found /usr/bin/ranlib
configure:9982: result: ranlib
configure:10084: checking command to parse /usr/bin/nm -B output from gcc object
configure:10238: gcc -c -g -O2  conftest.c >&5
configure:10241: $? = 0
configure:10245: /usr/bin/nm -B conftest.o | /usr/bin/sed -n -e 's/^.*[	 ]\([ABCDGIRSTW][ABCDGIRSTW]*\)[	 ][	 ]*\([_A-Za-z][_A-Za-z0-9]*\)$/\1 \2 \2/p' | /usr/bin/sed '/ __gnu_lto/d' > conftest.nm
configure:10311: gcc -o conftest -g -O2   conftest.c conftstm.o >&5
configure:10314: $? = 0
configure:10352: result: ok
configure:10399: checking for sysroot
configure:10430: result: no
configure:10437: checking for a working dd
configure:10481: result: /usr/bin/dd
configure:10485: checking how to truncate binary pipes
configure:10501: result: /usr/bin/dd bs=4096 count=1
configure:10638: gcc -c -g -O2  conftest.c >&5
configure:10641: $? = 0
configure:10838: checking for mt
configure:10873: result: no
configure:10893: checking if : is a manifest tool
configure:10900: : '-?'
configure:10908: result: no
configure:11629: checking for dlfcn.h
configure:11629: gcc -c -g -O2  conftest.c >&5
configure:11629: $? = 0
configure:11629: result: yes
configure:11887: checking for objdir
configure:11903: result: .libs
configure:12167: checking if gcc supports -fno-rtti -fno-exceptions
configure:12186: gcc -c -g -O2  -fno-rtti -fno-exceptions conftest.c >&5
cc1: warning: command-line option '-fno-rtti' is valid for C++/D/ObjC++ but not for C
configure:12190: $? = 0
configure:12203: result: no
configure:12567: checking for gcc option to produce PIC
configure:12575: result: -fPIC -DPIC
configure:12583: checking if gcc PIC flag -fPIC -DPIC works
configure:12602: gcc -c -g -O2  -fPIC -DPIC -DPIC conftest.c >&5
configure:12606: $? = 0
configure:12619: result: yes
configure:12648: checking if gcc static flag -static works
configure:12677: result: yes
configure:12692: checking if gcc supports -c -o file.o
configure:12714: gcc -c -g -O2  -o out/conftest2.o conftest.c >&5
configure:12718: $? = 0
configure:12740: result: yes
configure:12748: checking if gcc supports -c -o file.o
configure:12796: result: yes
configure:12829: checking whether the gcc linker (/usr/bin/ld -m elf_x86_64) supports shared libraries
configure:14103: result: yes
configure:14140: checking whether -lc should be explicitly linked in
configure:14149: gcc -c -g -O2  conftest.c >&5
configure:14152: $? = 0
configure:14167: gcc -shared  -fPIC -DPIC conftest.o  -v -Wl,-soname -Wl,conftest -o conftest 2\>\&1 \| /usr/bin/grep  -lc  \>/dev/null 2\>\&1
configure:14170: $? = 0
configure:14184: result: no
configure:14344: checking dynamic linker characteristics
configure:14926: gcc -o conftest -g -O2   -Wl,-rpath -Wl,/foo conftest.c  >&5
configure:14926: $? = 0
configure:15177: result: GNU/Linux ld.so
configure:15299: checking how to hardcode library paths into programs
configure:15324: result: immediate
configure:15876: checking whether stripping libraries is possible
configure:15885: result: yes
configure:15927: checking if libtool supports shared libraries
configure:15929: result: yes
configure:15932: checking whether to build shared libraries
configure:15957: result: yes
configure:15960: checking whether to build static libraries
configure:15964: result: no
configure:16054: checking for gcc
configure:16086: result: gcc
configure:16439: checking for C compiler version
configure:16448: gcc --version >&5
gcc (Ubuntu 13.3.0-6ubuntu2~24.04.1) 13.3.0
Copyright (C) 2023 Free Software Foundation, Inc.
This is free software; see the source for copying conditions.  There is NO
warranty; not even for MERCHANTABILITY or FITNESS FOR A PARTICULAR PURPOSE.

configure:16459: $? = 0
configure:16448: gcc -v >&5
Using built-in specs.
COLLECT_GCC=gcc
COLLECT_LTO_WRAPPER=/usr/libexec/gcc/x86_64-linux-gnu/13/lto-wrapper
OFFLOAD_TARGET_NAMES=nvptx-none:amdgcn-amdhsa
OFFLOAD_TARGET_DEFAULT=1
Target: x86_64-linux-gnu
Configured with: ../src/configure -v --with-pkgversion='Ubuntu 13.3.0-6ubuntu2~24.04.1' --with-bugurl=file:///usr/share/doc/gcc-13/README.Bugs --enable-languages=c,ada,c++,go,d,fortran,objc,obj-c++,m2 --prefix=/usr --with-gcc-major-version-only --program-suffix=-13 --program-prefix=x86_64-linux-gnu- --enable-shared --enable-linker-build-id --libexecdir=/usr/libexec --without-included-gettext --enable-threads=posix --libdir=/usr/lib --enable-nls --enable-bootstrap --enable-clocale=gnu --enable-libstdcxx-debug --enable-libstdcxx-time=yes --with-default-libstdcxx-abi=new --enable-libstdcxx-backtrace --enable-gnu-unique-object --disable-vtable-verify --enable-plugin --enable-default-pie --with-system-zlib --enable-libphobos-checking=release --with-target-system-zlib=auto --enable-objc-gc=auto --enable-multiarch --disable-werror --enable-cet --with-arch-32=i686 --with-abi=m64 --with-multilib-list=m32,m64,mx32 --enable-multilib --with-tune=generic --enable-offload-targets=nvptx-none=/build/gcc-13-EldibY/gcc-13-13.3.0/debian/tmp-nvptx/usr,amdgcn-amdhsa=/build/gcc-13-EldibY/gcc-13-13.3.0/debian/tmp-gcn/usr --enable-offload-defaulted --without-cuda-driver --enable-checking=release --build=x86_64-linux-gnu --host=x86_64-linux-gnu --target=x86_64-linux-gnu --with-build-config=bootstrap-lto-lean --enable-link-serialization=2
Thread model: posix
Supported LTO compression algorithms: zlib zstd
gcc version 13.3.0 (Ubuntu 13.3.0-6ubuntu2~24.04.1) 
... rest of stderr output deleted ...
configure:16459: $? = 0
configure:16448: gcc -V >&5
gcc: error: unrecognized command-line option '-V'
gcc: fatal error: no input files
compilation terminated.
configure:16459: $? = 1
configure:16448: gcc -qversion >&5
gcc: error: unrecognized command-line option '-qversion'; did you mean '--version'?
gcc: fatal error: no input files
compilation terminated.
configure:16459: $? = 1
configure:16448: gcc -version >&5
gcc: error: unrecognized command-line option '-version'
gcc: fatal error: no input files
compilation terminated.
configure:16459: $? = 1
configure:16463: checking whether the compiler supports GNU C
configure:16493: result: yes
configure:16504: checking whether gcc accepts -g
configure:16569: result: yes
configure:16589: checking for gcc option to enable C11 features
configure:16622: result: none needed
configure:16738: checking whether gcc understands -c and -o together
configure:16776: result: yes
configure:16795: checking dependency style of gcc
configure:16907: result: gcc3
configure:16992: checking for g++
configure:17013: found /usr/bin/g++
configure:17024: result: g++
configure:17051: checking for C++ compiler version
configure:17060: g++ --version >&5
g++ (Ubuntu 13.3.0-6ubuntu2~24.04.1) 13.3.0
Copyright (C) 2023 Free Software Foundation, Inc.
This is free software; see the source for copying conditions.  There is NO
warranty; not even for MERCHANTABILITY or FITNESS FOR A PARTICULAR PURPOSE.

configure:17071: $? = 0
configure:17060: g++ -v >&5
Using built-in specs.
COLLECT_GCC=g++
COLLECT_LTO_WRAPPER=/usr/libexec/gcc/x86_64-linux-gnu/13/lto-wrapper
OFFLOAD_TARGET_NAMES=nvptx-none:amdgcn-amdhsa
OFFLOAD_TARGET_DEFAULT=1
Target: x86_64-linux-gnu
Configured with: ../src/configure -v --with-pkgversion='Ubuntu 13.3.0-6ubuntu2~24.04.1' --with-bugurl=file:///usr/share/doc/gcc-13/README.Bugs --enable-languages=c,ada,c++,go,d,fortran,objc,obj-c++,m2 --prefix=/usr --with-gcc-major-version-only --program-suffix=-13 --program-prefix=x86_64-linux-gnu- --enable-shared --enable-linker-build-id --libexecdir=/usr/libexec --without-included-gettext --enable-threads=posix --libdir=/usr/lib --enable-nls --enable-bootstrap --enable-clocale=gnu --enable-libstdcxx-debug --enable-libstdcxx-time=yes --with-default-libstdcxx-abi=new --enable-libstdcxx-backtrace --enable-gnu-unique-object --disable-vtable-verify --enable-plugin --enable-default-pie --with-system-zlib --enable-libphobos-checking=release --with-target-system-zlib=auto --enable-objc-gc=auto --enable-multiarch --disable-werror --enable-cet --with-arch-32=i686 --with-abi=m64 --with-multilib-list=m32,m64,mx32 --enable-multilib --with-tune=generic --enable-offload-targets=nvptx-none=/build/gcc-13-EldibY/gcc-13-13.3.0/debian/tmp-nvptx/usr,amdgcn-amdhsa=/build/gcc-13-EldibY/gcc-13-13.3.0/debian/tmp-gcn/usr --enable-offload-defaulted --without-cuda-driver --enable-checking=release --build=x86_64-linux-gnu --host=x86_64-linux-gnu --target=x86_64-linux-gnu --with-build-config=bootstrap-lto-lean --enable-link-serialization=2
Thread model: posix
Supported LTO compression algorithms: zlib zstd
gcc version 13.3.0 (Ubuntu 13.3.0-6ubuntu2~24.04.1) 
... rest of stderr output deleted ...
configure:17071: $? = 0
configure:17060: g++ -V >&5
g++: error: unrecognized command-line option '-V'
g++: fatal error: no input files
compilation terminated.
configure:17071: $? = 1
configure:17060: g++ -qversion >&5
g++: error: unrecognized command-line option '-qversion'; did you mean '--version'?
g++: fatal error: no input files
compilation terminated.
configure:17071: $? = 1
configure:17075: checking whether the compiler supports GNU C++
configure:17095: g++ -c   conftest.cpp >&5
configure:17095: $? = 0
configure:17105: result: yes
configure:17116: checking whether g++ accepts -g
configure:17137: g++ -c -g  conftest.cpp >&5
configure:17137: $? = 0
configure:17181: result: yes
configure:17201: checking for g++ option to enable C++11 features
configure:17216: g++  -c -g -O2  conftest.cpp >&5
conftest.cpp: In function 'int main(int, char**)':
conftest.cpp:209:25: warning: empty parentheses were disambiguated as a function declaration [-Wvexing-parse]
  209 |   cxx11test::delegate d2();
      |                         ^~
conftest.cpp:209:25: note: remove parentheses to default-initialize a variable
  209 |   cxx11test::delegate d2();
      |                         ^~
      |                         --
conftest.cpp:209:25: note: or replace parentheses with braces to value-initialize a variable
configure:17216: $? = 0
configure:17234: result: none needed
configure:17300: checking dependency style of g++
configure:17412: result: gcc3
configure:17445: checking how to run the C++ preprocessor
configure:17467: g++ -E  conftest.cpp
configure:17467: $? = 0
configure:17482: g++ -E  conftest.cpp
conftest.cpp:43:10: fatal error: ac_nonexistent.h: No such file or directory
   43 | #include <ac_nonexistent.h>
      |          ^~~~~~~~~~~~~~~~~~
compilation terminated.
configure:17482: $? = 1
configure: failed program was:
| /* confdefs.h */
| #define PACKAGE_NAME "Geany"
| #define PACKAGE_TARNAME "geany"
| #define PACKAGE_VERSION "2.0"
| #define PACKAGE_STRING "Geany 2.0"
| #define PACKAGE_BUGREPORT "https://github.com/geany/geany/issues"
| #define PACKAGE_URL ""
| #define PACKAGE "geany"
| #define VERSION "2.0"
| #define HAVE_STDIO_H 1
| #define HAVE_STDLIB_H 1
| #define HAVE_STRING_H 1
| #define HAVE_INTTYPES_H 1
| #define HAVE_STDINT_H 1
| #define HAVE_STRINGS_H 1
| #define HAVE_SYS_STAT_H 1
| #define HAVE_SYS_TYPES_H 1
| #define HAVE_UNISTD_H 1
| #define HAVE_WCHAR_H 1
| #define STDC_HEADERS 1
| #define _ALL_SOURCE 1
| #define _DARWIN_C_SOURCE 1
| #define _GNU_SOURCE 1
| #define _HPUX_ALT_XOPEN_SOCKET_API 1
| #define _NETBSD_SOURCE 1
| #define _OPENBSD_SOURCE 1
| #define _POSIX_PTHREAD_SEMANTICS 1
| #define __STDC_WANT_IEC_60559_ATTRIBS_EXT__ 1
| #define __STDC_WANT_IEC_60559_BFP_EXT__ 1
| #define __STDC_WANT_IEC_60559_DFP_EXT__ 1
| #define __STDC_WANT_IEC_60559_FUNCS_EXT__ 1
| #define __STDC_WANT_IEC_60559_TYPES_EXT__ 1
| #define __STDC_WANT_LIB_EXT2__ 1
| #define __STDC_WANT_MATH_SPEC_FUNCS__ 1
| #define _TANDEM_SOURCE 1
| #define __EXTENSIONS__ 1
| #define ENABLE_NLS 1
| #define HAVE_GETTEXT 1
| #define HAVE_DCGETTEXT 1
| #define HAVE_DLFCN_H 1
| #define LT_OBJDIR ".libs/"
| /* end confdefs.h.  */
| #include <ac_nonexistent.h>
configure:17509: result: g++ -E
configure:17523: g++ -E  conftest.cpp
configure:17523: $? = 0
configure:17538: g++ -E  conftest.cpp
conftest.cpp:43:10: fatal error: ac_nonexistent.h: No such file or directory
   43 | #include <ac_nonexistent.h>
      |          ^~~~~~~~~~~~~~~~~~
compilation terminated.
configure:17538: $? = 1
configure: failed program was:
| /* confdefs.h */
| #define PACKAGE_NAME "Geany"
| #define PACKAGE_TARNAME "geany"
| #define PACKAGE_VERSION "2.0"
| #define PACKAGE_STRING "Geany 2.0"
| #define PACKAGE_BUGREPORT "https://github.com/geany/geany/issues"
| #define PACKAGE_URL ""
| #define PACKAGE "geany"
| #define VERSION "2.0"
| #define HAVE_STDIO_H 1
| #define HAVE_STDLIB_H 1
| #define HAVE_STRING_H 1
| #define HAVE_INTTYPES_H 1
| #define HAVE_STDINT_H 1
| #define HAVE_STRINGS_H 1
| #define HAVE_SYS_STAT_H 1
| #define HAVE_SYS_TYPES_H 1
| #define HAVE_UNISTD_H 1
| #define HAVE_WCHAR_H 1
| #define STDC_HEADERS 1
| #define _ALL_SOURCE 1
| #define _DARWIN_C_SOURCE 1
| #define _GNU_SOURCE 1
| #define _HPUX_ALT_XOPEN_SOCKET_API 1
| #define _NETBSD_SOURCE 1
| #define _OPENBSD_SOURCE 1
| #define _POSIX_PTHREAD_SEMANTICS 1
| #define __STDC_WANT_IEC_60559_ATTRIBS_EXT__ 1
| #define __STDC_WANT_IEC_60559_BFP_EXT__ 1
| #define __STDC_WANT_IEC_60559_DFP_EXT__ 1
| #define __STDC_WANT_IEC_60559_FUNCS_EXT__ 1
| #define __STDC_WANT_IEC_60559_TYPES_EXT__ 1
| #define __STDC_WANT_LIB_EXT2__ 1
| #define __STDC_WANT_MATH_SPEC_FUNCS__ 1
| #define _TANDEM_SOURCE 1
| #define __EXTENSIONS__ 1
| #define ENABLE_NLS 1
| #define HAVE_GETTEXT 1
| #define HAVE_DCGETTEXT 1
| #define HAVE_DLFCN_H 1
| #define LT_OBJDIR ".libs/"
| /* end confdefs.h.  */
| #include <ac_nonexistent.h>
configure:17703: checking for ld used by g++
configure:17771: result: /usr/bin/ld -m elf_x86_64
configure:17778: checking if the linker (/usr/bin/ld -m elf_x86_64) is GNU ld
configure:17794: result: yes
configure:17849: checking whether the g++ linker (/usr/bin/ld -m elf_x86_64) supports shared libraries
configure:18927: result: yes
configure:18963: g++ -c -g -O2  conftest.cpp >&5
configure:18966: $? = 0
configure:19447: checking for g++ option to produce PIC
configure:19455: result: -fPIC -DPIC
configure:19463: checking if g++ PIC flag -fPIC -DPIC works
configure:19482: g++ -c -g -O2  -fPIC -DPIC -DPIC conftest.cpp >&5
configure:19486: $? = 0
configure:19499: result: yes
configure:19522: checking if g++ static flag -static works
configure:19551: result: yes
configure:19563: checking if g++ supports -c -o file.o
configure:19585: g++ -c -g -O2  -o out/conftest2.o conftest.cpp >&5
configure:19589: $? = 0
configure:19611: result: yes
configure:19616: checking if g++ supports -c -o file.o
configure:19664: result: yes
configure:19694: checking whether the g++ linker (/usr/bin/ld -m elf_x86_64) supports shared libraries
configure:19737: result: yes
configure:19879: checking dynamic linker characteristics
configure:20639: result: GNU/Linux ld.so
configure:20704: checking how to hardcode library paths into programs
configure:20729: result: immediate
configure:20778: checking whether the C++ compiler works
configure:20791: g++ -c -g -O2  conftest.cpp >&5
configure:20791: $? = 0
configure:20793: result: yes
configure:20816: checking whether g++ supports C++17 features by default
configure:21611: g++ -c -g -O2  conftest.cpp >&5
configure:21611: $? = 0
configure:21619: result: yes
configure:23301: checking whether ln -s works
configure:23305: result: yes
configure:23320: checking for fcntl.h
configure:23320: gcc -c -g -O2  conftest.c >&5
configure:23320: $? = 0
configure:23320: result: yes
configure:23326: checking for stdlib.h
configure:23326: result: yes
configure:23332: checking for sys/time.h
configure:23332: gcc -c -g -O2  conftest.c >&5
configure:23332: $? = 0
configure:23332: result: yes
configure:23338: checking for errno.h
configure:23338: gcc -c -g -O2  conftest.c >&5
configure:23338: $? = 0
configure:23338: result: yes
configure:23344: checking for limits.h
configure:23344: gcc -c -g -O2  conftest.c >&5
configure:23344: $? = 0
configure:23344: result: yes
configure:23353: checking for dirent.h
configure:23353: gcc -c -g -O2  conftest.c >&5
configure:23353: $? = 0
configure:23353: result: yes
configure:23359: checking for fnmatch.h
configure:23359: gcc -c -g -O2  conftest.c >&5
configure:23359: $? = 0
configure:23359: result: yes
configure:23365: checking for direct.h
configure:23365: gcc -c -g -O2  conftest.c >&5
conftest.c:79:10: fatal error: direct.h: No such file or directory
   79 | #include <direct.h>
      |          ^~~~~~~~~~
compilation terminated.
configure:23365: $? = 1
configure: failed program was:
| /* confdefs.h */
| #define PACKAGE_NAME "Geany"
| #define PACKAGE_TARNAME "geany"
| #define PACKAGE_VERSION "2.0"
| #define PACKAGE_STRING "Geany 2.0"
| #define PACKAGE_BUGREPORT "https://github.com/geany/geany/issues"
| #define PACKAGE_URL ""
| #define PACKAGE "geany"
| #define VERSION "2.0"
| #define HAVE_STDIO_H 1
| #define HAVE_STDLIB_H 1
| #define HAVE_STRING_H 1
| #define HAVE_INTTYPES_H 1
| #define HAVE_STDINT_H 1
| #define HAVE_STRINGS_H 1
| #define HAVE_SYS_STAT_H 1
| #define HAVE_SYS_TYPES_H 1
| #define HAVE_UNISTD_H 1
| #define HAVE_WCHAR_H 1
| #define STDC_HEADERS 1
| #define _ALL_SOURCE 1
| #define _DARWIN_C_SOURCE 1
| #define _GNU_SOURCE 1
| #define _HPUX_ALT_XOPEN_SOCKET_API 1
| #define _NETBSD_SOURCE 1
| #define _OPENBSD_SOURCE 1
| #define _POSIX_PTHREAD_SEMANTICS 1
| #define __STDC_WANT_IEC_60559_ATTRIBS_EXT__ 1
| #define __STDC_WANT_IEC_60559_BFP_EXT__ 1
| #define __STDC_WANT_IEC_60559_DFP_EXT__ 1
| #define __STDC_WANT_IEC_60559_FUNCS_EXT__ 1
| #define __STDC_WANT_IEC_60559_TYPES_EXT__ 1
| #define __STDC_WANT_LIB_EXT2__ 1
| #define __STDC_WANT_MATH_SPEC_FUNCS__ 1
| #define _TANDEM_SOURCE 1
| #define __EXTENSIONS__ 1
| #define ENABLE_NLS 1
| #define HAVE_GETTEXT 1
| #define HAVE_DCGETTEXT 1
| #define HAVE_DLFCN_H 1
| #define LT_OBJDIR ".libs/"
| #define HAVE_CXX17 1
| #define HAVE_FCNTL_H 1
| #define HAVE_STDLIB_H 1
| #define HAVE_SYS_TIME_H 1
| #define HAVE_ERRNO_H 1
| #define HAVE_LIMITS_H 1
| #define HAVE_DIRENT_H 1
| #define HAVE_FNMATCH_H 1
| /* end confdefs.h.  */
| #include <stddef.h>
| #ifdef HAVE_STDIO_H
| # include <stdio.h>
| #endif
| #ifdef HAVE_STDLIB_H
| # include <stdlib.h>
| #endif
| #ifdef HAVE_STRING_H
| # include <string.h>
| #endif
| #ifdef HAVE_INTTYPES_H
| # include <inttypes.h>
| #endif
| #ifdef HAVE_STDINT_H
| # include <stdint.h>
| #endif
| #ifdef HAVE_STRINGS_H
| # include <strings.h>
| #endif
| #ifdef HAVE_SYS_TYPES_H
| # include <sys/types.h>
| #endif
| #ifdef HAVE_SYS_STAT_H
| # include <sys/stat.h>
| #endif
| #ifdef HAVE_UNISTD_H
| # include <unistd.h>
| #endif
| #include <direct.h>
configure:23365: result: no
configure:23371: checking for io.h
configure:23371: gcc -c -g -O2  conftest.c >&5
conftest.c:79:10: fatal error: io.h: No such file or directory
   79 | #include <io.h>
      |          ^~~~~~
compilation terminated.
configure:23371: $? = 1
configure: failed program was:
| /* confdefs.h */
| #define PACKAGE_NAME "Geany"
| #define PACKAGE_TARNAME "geany"
| #define PACKAGE_VERSION "2.0"
| #define PACKAGE_STRING "Geany 2.0"
| #define PACKAGE_BUGREPORT "https://github.com/geany/geany/issues"
| #define PACKAGE_URL ""
| #define PACKAGE "geany"
| #define VERSION "2.0"
| #define HAVE_STDIO_H 1
| #define HAVE_STDLIB_H 1
| #define HAVE_STRING_H 1
| #define HAVE_INTTYPES_H 1
| #define HAVE_STDINT_H 1
| #define HAVE_STRINGS_H 1
| #define HAVE_SYS_STAT_H 1
| #define HAVE_SYS_TYPES_H 1
| #define HAVE_UNISTD_H 1
| #define HAVE_WCHAR_H 1
| #define STDC_HEADERS 1
| #define _ALL_SOURCE 1
| #define _DARWIN_C_SOURCE 1
| #define _GNU_SOURCE 1
| #define _HPUX_ALT_XOPEN_SOCKET_API 1
| #define _NETBSD_SOURCE 1
| #define _OPENBSD_SOURCE 1
| #define _POSIX_PTHREAD_SEMANTICS 1
| #define __STDC_WANT_IEC_60559_ATTRIBS_EXT__ 1
| #define __STDC_WANT_IEC_60559_BFP_EXT__ 1
| #define __STDC_WANT_IEC_60559_DFP_EXT__ 1
| #define __STDC_WANT_IEC_60559_FUNCS_EXT__ 1
| #define __STDC_WANT_IEC_60559_TYPES_EXT__ 1
| #define __STDC_WANT_LIB_EXT2__ 1
| #define __STDC_WANT_MATH_SPEC_FUNCS__ 1
| #define _TANDEM_SOURCE 1
| #define __EXTENSIONS__ 1
| #define ENABLE_NLS 1
| #define HAVE_GETTEXT 1
| #define HAVE_DCGETTEXT 1
| #define HAVE_DLFCN_H 1
| #define LT_OBJDIR ".libs/"
| #define HAVE_CXX17 1
| #define HAVE_FCNTL_H 1
| #define HAVE_STDLIB_H 1
| #define HAVE_SYS_TIME_H 1
| #define HAVE_ERRNO_H 1
| #define HAVE_LIMITS_H 1
| #define HAVE_DIRENT_H 1
| #define HAVE_FNMATCH_H 1
| /* end confdefs.h.  */
| #include <stddef.h>
| #ifdef HAVE_STDIO_H
| # include <stdio.h>
| #endif
| #ifdef HAVE_STDLIB_H
| # include <stdlib.h>
| #endif
| #ifdef HAVE_STRING_H
| # include <string.h>
| #endif
| #ifdef HAVE_INTTYPES_H
| # include <inttypes.h>
| #endif
| #ifdef HAVE_STDINT_H
| # include <stdint.h>
| #endif
| #ifdef HAVE_STRINGS_H
| # include <strings.h>
| #endif
| #ifdef HAVE_SYS_TYPES_H
| # include <sys/types.h>
| #endif
| #ifdef HAVE_SYS_STAT_H
| # include <sys/stat.h>
| #endif
| #ifdef HAVE_UNISTD_H
| # include <unistd.h>
| #endif
| #include <io.h>
configure:23371: result: no
configure:23377: checking for sys/dir.h
configure:23377: gcc -c -g -O2  conftest.c >&5
configure:23377: $? = 0
configure:23377: result: yes
configure:23387: checking for size_t
configure:23387: gcc -c -g -O2  conftest.c >&5
configure:23387: $? = 0
configure:23387: gcc -c -g -O2  conftest.c >&5
conftest.c: In function 'main':
conftest.c:84:21: error: expected expression before ')' token
   84 | if (sizeof ((size_t)))
      |                     ^
configure:23387: $? = 1
configure: failed program was:
| /* confdefs.h */
| #define PACKAGE_NAME "Geany"
| #define PACKAGE_TARNAME "geany"
| #define PACKAGE_VERSION "2.0"
| #define PACKAGE_STRING "Geany 2.0"
| #define PACKAGE_BUGREPORT "https://github.com/geany/geany/issues"
| #define PACKAGE_URL ""
| #define PACKAGE "geany"
| #define VERSION "2.0"
| #define HAVE_STDIO_H 1
| #define HAVE_STDLIB_H 1
| #define HAVE_STRING_H 1
| #define HAVE_INTTYPES_H 1
| #define HAVE_STDINT_H 1
| #define HAVE_STRINGS_H 1
| #define HAVE_SYS_STAT_H 1
| #define HAVE_SYS_TYPES_H 1
| #define HAVE_UNISTD_H 1
| #define HAVE_WCHAR_H 1
| #define STDC_HEADERS 1
| #define _ALL_SOURCE 1
| #define _DARWIN_C_SOURCE 1
| #define _GNU_SOURCE 1
| #define _HPUX_ALT_XOPEN_SOCKET_API 1
| #define _NETBSD_SOURCE 1
| #define _OPENBSD_SOURCE 1
| #define _POSIX_PTHREAD_SEMANTICS 1
| #define __STDC_WANT_IEC_60559_ATTRIBS_EXT__ 1
| #define __STDC_WANT_IEC_60559_BFP_EXT__ 1
| #define __STDC_WANT_IEC_60559_DFP_EXT__ 1
| #define __STDC_WANT_IEC_60559_FUNCS_EXT__ 1
| #define __STDC_WANT_IEC_60559_TYPES_EXT__ 1
| #define __STDC_WANT_LIB_EXT2__ 1
| #define __STDC_WANT_MATH_SPEC_FUNCS__ 1
| #define _TANDEM_SOURCE 1
| #define __EXTENSIONS__ 1
| #define ENABLE_NLS 1
| #define HAVE_GETTEXT 1
| #define HAVE_DCGETTEXT 1
| #define HAVE_DLFCN_H 1
| #define LT_OBJDIR ".libs/"
| #define HAVE_CXX17 1
| #define HAVE_FCNTL_H 1
| #define HAVE_STDLIB_H 1
| #define HAVE_SYS_TIME_H 1
| #define HAVE_ERRNO_H 1
| #define HAVE_LIMITS_H 1
| #define HAVE_DIRENT_H 1
| #define HAVE_FNMATCH_H 1
| #define HAVE_SYS_DIR_H 1
| #define HAVE_STDBOOL_H 1
| /* end confdefs.h.  */
| #include <stddef.h>
| #ifdef HAVE_STDIO_H
| # include <stdio.h>
| #endif
| #ifdef HAVE_STDLIB_H
| # include <stdlib.h>
| #endif
| #ifdef HAVE_STRING_H
| # include <string.h>
| #endif
| #ifdef HAVE_INTTYPES_H
| # include <inttypes.h>
| #endif
| #ifdef HAVE_STDINT_H
| # include <stdint.h>
| #endif
| #ifdef HAVE_STRINGS_H
| # include <strings.h>
| #endif
| #ifdef HAVE_SYS_TYPES_H
| # include <sys/types.h>
| #endif
| #ifdef HAVE_SYS_STAT_H
| # include <sys/stat.h>
| #endif
| #ifdef HAVE_UNISTD_H
| # include <unistd.h>
| #endif
| int
| main (void)
| {
| if (sizeof ((size_t)))
| 	    return 0;
|   ;
|   return 0;
| }
configure:23387: result: yes
configure:23397: checking for regcomp
configure:23397: gcc -o conftest -g -O2   conftest.c  >&5
configure:23397: $? = 0
configure:23397: result: yes
configure:23624: checking for fnmatch
configure:23624: gcc -o conftest -g -O2   conftest.c  >&5
configure:23624: $? = 0
configure:23624: result: yes
configure:23642: checking for off_t
configure:23642: gcc -c -g -O2  conftest.c >&5
configure:23642: $? = 0
configure:23642: gcc -c -g -O2  conftest.c >&5
conftest.c: In function 'main':
conftest.c:84:20: error: expected expression before ')' token
   84 | if (sizeof ((off_t)))
      |                    ^
configure:23642: $? = 1
configure: failed program was:
| /* confdefs.h */
| #define PACKAGE_NAME "Geany"
| #define PACKAGE_TARNAME "geany"
| #define PACKAGE_VERSION "2.0"
| #define PACKAGE_STRING "Geany 2.0"
| #define PACKAGE_BUGREPORT "https://github.com/geany/geany/issues"
| #define PACKAGE_URL ""
| #define PACKAGE "geany"
| #define VERSION "2.0"
| #define HAVE_STDIO_H 1
| #define HAVE_STDLIB_H 1
| #define HAVE_STRING_H 1
| #define HAVE_INTTYPES_H 1
| #define HAVE_STDINT_H 1
| #define HAVE_STRINGS_H 1
| #define HAVE_SYS_STAT_H 1
| #define HAVE_SYS_TYPES_H 1
| #define HAVE_UNISTD_H 1
| #define HAVE_WCHAR_H 1
| #define STDC_HEADERS 1
| #define _ALL_SOURCE 1
| #define _DARWIN_C_SOURCE 1
| #define _GNU_SOURCE 1
| #define _HPUX_ALT_XOPEN_SOCKET_API 1
| #define _NETBSD_SOURCE 1
| #define _OPENBSD_SOURCE 1
| #define _POSIX_PTHREAD_SEMANTICS 1
| #define __STDC_WANT_IEC_60559_ATTRIBS_EXT__ 1
| #define __STDC_WANT_IEC_60559_BFP_EXT__ 1
| #define __STDC_WANT_IEC_60559_DFP_EXT__ 1
| #define __STDC_WANT_IEC_60559_FUNCS_EXT__ 1
| #define __STDC_WANT_IEC_60559_TYPES_EXT__ 1
| #define __STDC_WANT_LIB_EXT2__ 1
| #define __STDC_WANT_MATH_SPEC_FUNCS__ 1
| #define _TANDEM_SOURCE 1
| #define __EXTENSIONS__ 1
| #define ENABLE_NLS 1
| #define HAVE_GETTEXT 1
| #define HAVE_DCGETTEXT 1
| #define HAVE_DLFCN_H 1
| #define LT_OBJDIR ".libs/"
| #define HAVE_CXX17 1
| #define HAVE_FCNTL_H 1
| #define HAVE_STDLIB_H 1
| #define HAVE_SYS_TIME_H 1
| #define HAVE_ERRNO_H 1
| #define HAVE_LIMITS_H 1
| #define HAVE_DIRENT_H 1
| #define HAVE_FNMATCH_H 1
| #define HAVE_SYS_DIR_H 1
| #define HAVE_STDBOOL_H 1
| /* end confdefs.h.  */
| #include <stddef.h>
| #ifdef HAVE_STDIO_H
| # include <stdio.h>
| #endif
| #ifdef HAVE_STDLIB_H
| # include <stdlib.h>
| #endif
| #ifdef HAVE_STRING_H
| # include <string.h>
| #endif
| #ifdef HAVE_INTTYPES_H
| # include <inttypes.h>
| #endif
| #ifdef HAVE_STDINT_H
| # include <stdint.h>
| #endif
| #ifdef HAVE_STRINGS_H
| # include <strings.h>
| #endif
| #ifdef HAVE_SYS_TYPES_H
| # include <sys/types.h>
| #endif
| #ifdef HAVE_SYS_STAT_H
| # include <sys/stat.h>
| #endif
| #ifdef HAVE_UNISTD_H
| # include <unistd.h>
| #endif
| int
| main (void)
| {
| if (sizeof ((off_t)))
| 	    return 0;
|   ;
|   return 0;
| }
configure:23642: result: yes
configure:23652: checking for size_t
configure:23652: result: yes
configure:23662: checking whether struct tm is in sys/time.h or time.h
configure:23683: gcc -c -g -O2  conftest.c >&5
configure:23683: $? = 0
configure:23691: result: time.h
configure:23701: checking for realpath
configure:23701: gcc -o conftest -g -O2   conftest.c  >&5
configure:23701: $? = 0
configure:23701: result: yes
configure:23710: checking for strerror
configure:23710: gcc -o conftest -g -O2   conftest.c  >&5
configure:23710: $? = 0
configure:23710: result: yes
configure:23716: checking for strstr
configure:23716: gcc -o conftest -g -O2   conftest.c  >&5
conftest.c:71:6: warning: conflicting types for built-in function 'strstr'; expected 'char *(const char *, const char *)' [-Wbuiltin-declaration-mismatch]
   71 | char strstr ();
      |      ^~~~~~
conftest.c:63:1: note: 'strstr' is declared in header '<string.h>'
   62 | #include <limits.h>
   63 | #undef strstr
configure:23716: $? = 0
configure:23716: result: yes
configure:23722: checking for asprintf
configure:23722: gcc -o conftest -g -O2   conftest.c  >&5
configure:23722: $? = 0
configure:23722: result: yes
configure:23733: checking for mkstemp
configure:23733: gcc -o conftest -g -O2   conftest.c  >&5
configure:23733: $? = 0
configure:23733: result: yes
configure:23747: checking for strcasecmp
configure:23747: gcc -o conftest -g -O2   conftest.c  >&5
conftest.c:74:6: warning: conflicting types for built-in function 'strcasecmp'; expected 'int(const char *, const char *)' [-Wbuiltin-declaration-mismatch]
   74 | char strcasecmp ();
      |      ^~~~~~~~~~
configure:23747: $? = 0
configure:23747: result: yes
configure:23761: checking for strncasecmp
configure:23761: gcc -o conftest -g -O2   conftest.c  >&5
conftest.c:75:6: warning: conflicting types for built-in function 'strncasecmp'; expected 'int(const char *, const char *, long unsigned int)' [-Wbuiltin-declaration-mismatch]
   75 | char strncasecmp ();
      |      ^~~~~~~~~~~
configure:23761: $? = 0
configure:23761: result: yes
configure:23775: checking for truncate
configure:23775: gcc -o conftest -g -O2   conftest.c  >&5
configure:23775: $? = 0
configure:23775: result: yes
configure:23788: checking for gcc options needed to detect all undeclared functions
configure:23810: gcc -c -g -O2   conftest.c >&5
conftest.c: In function 'main':
conftest.c:65:8: error: 'strchr' undeclared (first use in this function)
   65 | (void) strchr;
      |        ^~~~~~
conftest.c:1:1: note: 'strchr' is defined in header '<string.h>'; did you forget to '#include <string.h>'?
    1 | /* confdefs.h */
conftest.c:65:8: note: each undeclared identifier is reported only once for each function it appears in
   65 | (void) strchr;
      |        ^~~~~~
configure:23810: $? = 1
configure: failed program was:
| /* confdefs.h */
| #define PACKAGE_NAME "Geany"
| #define PACKAGE_TARNAME "geany"
| #define PACKAGE_VERSION "2.0"
| #define PACKAGE_STRING "Geany 2.0"
| #define PACKAGE_BUGREPORT "https://github.com/geany/geany/issues"
| #define PACKAGE_URL ""
| #define PACKAGE "geany"
| #define VERSION "2.0"
| #define HAVE_STDIO_H 1
| #define HAVE_STDLIB_H 1
| #define HAVE_STRING_H 1
| #define HAVE_INTTYPES_H 1
| #define HAVE_STDINT_H 1
| #define HAVE_STRINGS_H 1
| #define HAVE_SYS_STAT_H 1
| #define HAVE_SYS_TYPES_H 1
| #define HAVE_UNISTD_H 1
| #define HAVE_WCHAR_H 1
| #define STDC_HEADERS 1
| #define _ALL_SOURCE 1
| #define _DARWIN_C_SOURCE 1
| #define _GNU_SOURCE 1
| #define _HPUX_ALT_XOPEN_SOCKET_API 1
| #define _NETBSD_SOURCE 1
| #define _OPENBSD_SOURCE 1
| #define _POSIX_PTHREAD_SEMANTICS 1
| #define __STDC_WANT_IEC_60559_ATTRIBS_EXT__ 1
| #define __STDC_WANT_IEC_60559_BFP_EXT__ 1
| #define __STDC_WANT_IEC_60559_DFP_EXT__ 1
| #define __STDC_WANT_IEC_60559_FUNCS_EXT__ 1
| #define __STDC_WANT_IEC_60559_TYPES_EXT__ 1
| #define __STDC_WANT_LIB_EXT2__ 1
| #define __STDC_WANT_MATH_SPEC_FUNCS__ 1
| #define _TANDEM_SOURCE 1
| #define __EXTENSIONS__ 1
| #define ENABLE_NLS 1
| #define HAVE_GETTEXT 1
| #define HAVE_DCGETTEXT 1
| #define HAVE_DLFCN_H 1
| #define LT_OBJDIR ".libs/"
| #define HAVE_CXX17 1
| #define HAVE_FCNTL_H 1
| #define HAVE_STDLIB_H 1
| #define HAVE_SYS_TIME_H 1
| #define HAVE_ERRNO_H 1
| #define HAVE_LIMITS_H 1
| #define HAVE_DIRENT_H 1
| #define HAVE_FNMATCH_H 1
| #define HAVE_SYS_DIR_H 1
| #define HAVE_STDBOOL_H 1
| #define HAVE_REALPATH 1
| #define HAVE_STRERROR 1
| #define HAVE_STRSTR 1
| #define HAVE_ASPRINTF 1
| #define HAVE_MKSTEMP 1
| #define HAVE_STRCASECMP 1
| #define HAVE_STRNCASECMP 1
| #define HAVE_TRUNCATE 1
| /* end confdefs.h.  */
| 
| int
| main (void)
| {
| (void) strchr;
|   ;
|   return 0;
| }
configure:23837: gcc -c -g -O2   conftest.c >&5
configure:23837: $? = 0
configure:23854: result: none needed
configure:23868: checking whether __environ is declared
configure:23868: gcc -c -g -O2   conftest.c >&5
configure:23868: $? = 0
configure:23868: result: yes
configure:23878: checking whether _NSGetEnviron is declared
configure:23878: gcc -c -g -O2   conftest.c >&5
conftest.c:62:10: fatal error: crt_externs.h: No such file or directory
   62 | #include <crt_externs.h>
      |          ^~~~~~~~~~~~~~~
compilation terminated.
configure:23878: $? = 1
configure: failed program was:
| /* confdefs.h */
| #define PACKAGE_NAME "Geany"
| #define PACKAGE_TARNAME "geany"
| #define PACKAGE_VERSION "2.0"
| #define PACKAGE_STRING "Geany 2.0"
| #define PACKAGE_BUGREPORT "https://github.com/geany/geany/issues"
| #define PACKAGE_URL ""
| #define PACKAGE "geany"
| #define VERSION "2.0"
| #define HAVE_STDIO_H 1
| #define HAVE_STDLIB_H 1
| #define HAVE_STRING_H 1
| #define HAVE_INTTYPES_H 1
| #define HAVE_STDINT_H 1
| #define HAVE_STRINGS_H 1
| #define HAVE_SYS_STAT_H 1
| #define HAVE_SYS_TYPES_H 1
| #define HAVE_UNISTD_H 1
| #define HAVE_WCHAR_H 1
| #define STDC_HEADERS 1
| #define _ALL_SOURCE 1
| #define _DARWIN_C_SOURCE 1
| #define _GNU_SOURCE 1
| #define _HPUX_ALT_XOPEN_SOCKET_API 1
| #define _NETBSD_SOURCE 1
| #define _OPENBSD_SOURCE 1
| #define _POSIX_PTHREAD_SEMANTICS 1
| #define __STDC_WANT_IEC_60559_ATTRIBS_EXT__ 1
| #define __STDC_WANT_IEC_60559_BFP_EXT__ 1
| #define __STDC_WANT_IEC_60559_DFP_EXT__ 1
| #define __STDC_WANT_IEC_60559_FUNCS_EXT__ 1
| #define __STDC_WANT_IEC_60559_TYPES_EXT__ 1
| #define __STDC_WANT_LIB_EXT2__ 1
| #define __STDC_WANT_MATH_SPEC_FUNCS__ 1
| #define _TANDEM_SOURCE 1
| #define __EXTENSIONS__ 1
| #define ENABLE_NLS 1
| #define HAVE_GETTEXT 1
| #define HAVE_DCGETTEXT 1
| #define HAVE_DLFCN_H 1
| #define LT_OBJDIR ".libs/"
| #define HAVE_CXX17 1
| #define HAVE_FCNTL_H 1
| #define HAVE_STDLIB_H 1
| #define HAVE_SYS_TIME_H 1
| #define HAVE_ERRNO_H 1
| #define HAVE_LIMITS_H 1
| #define HAVE_DIRENT_H 1
| #define HAVE_FNMATCH_H 1
| #define HAVE_SYS_DIR_H 1
| #define HAVE_STDBOOL_H 1
| #define HAVE_REALPATH 1
| #define HAVE_STRERROR 1
| #define HAVE_STRSTR 1
| #define HAVE_ASPRINTF 1
| #define HAVE_MKSTEMP 1
| #define HAVE_STRCASECMP 1
| #define HAVE_STRNCASECMP 1
| #define HAVE_TRUNCATE 1
| #define HAVE_DECL___ENVIRON 1
| /* end confdefs.h.  */
| #include <crt_externs.h>
| 
| int
| main (void)
| {
| #ifndef _NSGetEnviron
| #ifdef __cplusplus
|   (void) _NSGetEnviron;
| #else
|   (void) _NSGetEnviron;
| #endif
| #endif
| 
|   ;
|   return 0;
| }
configure:23878: result: no
configure:23896: checking for Git revision
configure:23916: result: none
configure:23987: checking for pkg-config
configure:24010: found /usr/bin/pkg-config
configure:24022: result: /usr/bin/pkg-config
configure:24047: checking pkg-config is at least version 0.9.0
configure:24050: result: yes
configure:24064: checking for gtk+-3.0 >= 3.24 glib-2.0 >= 2.32 gio-2.0 >= 2.32 gmodule-no-export-2.0 gthread-2.0
configure:24071: $PKG_CONFIG --exists --print-errors "$gtk_modules $gtk_modules_private"
configure:24074: $? = 0
configure:24088: $PKG_CONFIG --exists --print-errors "$gtk_modules $gtk_modules_private"
configure:24091: $? = 0
configure:24149: result: yes
configure:24174: checking for g_strv_equal
configure:24174: gcc -o conftest -I/usr/include/gtk-3.0 -I/usr/include/pango-1.0 -I/usr/include/glib-2.0 -I/usr/lib/x86_64-linux-gnu/glib-2.0/include -I/usr/include/harfbuzz -I/usr/include/freetype2 -I/usr/include/libpng16 -I/usr/include/libmount -I/usr/include/blkid -I/usr/include/fribidi -I/usr/include/cairo -I/usr/include/pixman-1 -I/usr/include/gdk-pixbuf-2.0 -I/usr/include/x86_64-linux-gnu -I/usr/include/webp -I/usr/include/gio-unix-2.0 -I/usr/include/atk-1.0 -I/usr/include/at-spi2-atk/2.0 -I/usr/include/at-spi-2.0 -I/usr/include/dbus-1.0 -I/usr/lib/x86_64-linux-gnu/dbus-1.0/include -pthread  -DGLIB_VERSION_MIN_REQUIRED=GLIB_VERSION_2_32 -DGDK_DISABLE_DEPRECATION_WARNINGS   conftest.c -lgtk-3 -lgdk-3 -lz -lpangocairo-1.0 -lpango-1.0 -lharfbuzz -latk-1.0 -lcairo-gobject -lcairo -lgdk_pixbuf-2.0 -lgio-2.0 -lgobject-2.0 -lgmodule-2.0 -lgthread-2.0 -pthread -lglib-2.0  >&5
configure:24174: $? = 0
configure:24174: result: yes
configure:24205: checking whether binary relocation support should be enabled
configure:24255: result: no
configure:24545: checking for library containing connect
configure:24575: gcc -o conftest -g -O2   conftest.c  >&5
configure:24575: $? = 0
configure:24595: result: none required
configure:24760: checking whether the force is with you
configure:24766: result: no
configure:24844: checking for rst2html
configure:24882: result: no
configure:24844: checking for rst2html.py
configure:24882: result: no
configure:24943: checking for rst2pdf
configure:24981: result: no
configure:24943: checking for rst2pdf.py
configure:24981: result: no
configure:25032: checking for doxygen
configure:25068: result: no
configure:25157: checking for a Python interpreter with version >= 3
configure:25175: python -c import sys # split strings by '.' and convert to numeric. Append some zeros # because we need at least 4 digits for the hex conversion. # map returns an iterator in Python 3.0 and a list in 2.x minver = list(map(int, '3'.split('.'))) + [0, 0, 0] minverhex = 0 # xrange is not present in Python 3.0 and range returns an iterator for i in list(range(0, 4)): minverhex = (minverhex << 8) + minver[i] sys.exit(sys.hexversion < minverhex)
./configure: line 25176: python: command not found
configure:25178: $? = 127
configure:25175: python2 -c import sys # split strings by '.' and convert to numeric. Append some zeros # because we need at least 4 digits for the hex conversion. # map returns an iterator in Python 3.0 and a list in 2.x minver = list(map(int, '3'.split('.'))) + [0, 0, 0] minverhex = 0 # xrange is not present in Python 3.0 and range returns an iterator for i in list(range(0, 4)): minverhex = (minverhex << 8) + minver[i] sys.exit(sys.hexversion < minverhex)
./configure: line 25176: python2: command not found
configure:25178: $? = 127
configure:25175: python3 -c import sys # split strings by '.' and convert to numeric. Append some zeros # because we need at least 4 digits for the hex conversion. # map returns an iterator in Python 3.0 and a list in 2.x minver = list(map(int, '3'.split('.'))) + [0, 0, 0] minverhex = 0 # xrange is not present in Python 3.0 and range returns an iterator for i in list(range(0, 4)): minverhex = (minverhex << 8) + minver[i] sys.exit(sys.hexversion < minverhex)
configure:25178: $? = 0
configure:25185: result: python3
configure:25193: checking for python3
configure:25216: found /usr/bin/python3
configure:25228: result: /usr/bin/python3
configure:25245: checking for python3 version
configure:25253: result: 3.12
configure:25258: checking for python3 platform
configure:25266: result: linux
configure:25327: checking for GNU default python3 prefix
configure:25329: result: ${prefix}
configure:25395: checking for GNU default python3 exec_prefix
configure:25397: result: ${exec_prefix}
configure:25428: checking for python3 script directory (pythondir)
configure:25470: result: ${PYTHON_PREFIX}/lib/python3.12/site-packages
configure:25478: checking for python3 extension module directory (pyexecdir)
configure:25520: result: ${PYTHON_EXEC_PREFIX}/lib/python3.12/site-packages
configure:25534: checking for python lxml package
configure:25542: result: no
configure:25575: checking whether compiler supports GCC4-style visibility
configure:25584: gcc -o conftest -fvisibility=hidden   conftest.c  >&5
configure:25584: $? = 0
configure:25590: result: yes
configure:25634: checking for sort
configure:25657: found /usr/bin/sort
configure:25671: result: /usr/bin/sort
configure:25681: checking for uniq
configure:25704: found /usr/bin/uniq
configure:25718: result: /usr/bin/uniq
configure:25832: checking that generated files are newer than configure
configure:25838: result: done
configure:25921: creating ./config.status

## ---------------------- ##
## Running config.status. ##
## ---------------------- ##

This file was extended by Geany config.status 2.0, which was
generated by GNU Autoconf 2.71.  Invocation command line was

  CONFIG_FILES    = 
  CONFIG_HEADERS  = 
  CONFIG_LINKS    = 
  CONFIG_COMMANDS = 
  $ ./config.status 

on DESKTOP-07LCCCH

config.status:1303: creating Makefile
config.status:1303: creating icons/Makefile
config.status:1303: creating icons/16x16/Makefile
config.status:1303: creating icons/24x24/Makefile
config.status:1303: creating icons/32x32/Makefile
config.status:1303: creating icons/48x48/Makefile
config.status:1303: creating icons/scalable/Makefile
config.status:1303: creating icons/tango/Makefile
config.status:1303: creating icons/tango/16x16/Makefile
config.status:1303: creating icons/tango/24x24/Makefile
config.status:1303: creating icons/tango/32x32/Makefile
config.status:1303: creating icons/tango/48x48/Makefile
config.status:1303: creating icons/tango/scalable/Makefile
config.status:1303: creating ctags/Makefile
config.status:1303: creating scintilla/Makefile
config.status:1303: creating src/Makefile
config.status:1303: creating src/tagmanager/Makefile
config.status:1303: creating plugins/Makefile
config.status:1303: creating po/Makefile.in
config.status:1303: creating data/Makefile
config.status:1303: creating data/filedefs/filetypes.python
config.status:1303: creating doc/Makefile
config.status:1303: creating doc/geany.1
config.status:1303: creating geany.pc
config.status:1303: creating geany.nsi
config.status:1303: creating tests/Makefile
config.status:1303: creating tests/ctags/Makefile
config.status:1303: creating config.h
config.status:1484: config.h is unchanged
config.status:1532: executing depfiles commands
config.status:1609: cd ctags       && sed -e '/# am--include-marker/d' Makefile         | make -f - am--depfiles
make: Nothing to be done for 'am--depfiles'.
config.status:1614: $? = 0
config.status:1609: cd scintilla       && sed -e '/# am--include-marker/d' Makefile         | make -f - am--depfiles
make: Nothing to be done for 'am--depfiles'.
config.status:1614: $? = 0
config.status:1609: cd src       && sed -e '/# am--include-marker/d' Makefile         | make -f - am--depfiles
make: Nothing to be done for 'am--depfiles'.
config.status:1614: $? = 0
config.status:1609: cd src/tagmanager       && sed -e '/# am--include-marker/d' Makefile         | make -f - am--depfiles
make: Nothing to be done for 'am--depfiles'.
config.status:1614: $? = 0
config.status:1609: cd plugins       && sed -e '/# am--include-marker/d' Makefile         | make -f - am--depfiles
make: Nothing to be done for 'am--depfiles'.
config.status:1614: $? = 0
config.status:1609: cd tests       && sed -e '/# am--include-marker/d' Makefile         | make -f - am--depfiles
make: Nothing to be done for 'am--depfiles'.
config.status:1614: $? = 0
config.status:1532: executing po-directories commands
config.status:1532: executing libtool commands

## ---------------- ##
## Cache variables. ##
## ---------------- ##

ac_cv_build=x86_64-pc-linux-gnu
ac_cv_c_compiler_gnu=yes
ac_cv_c_undeclared_builtin_options='none needed'
ac_cv_cxx_compiler_gnu=yes
ac_cv_env_CCC_set=
ac_cv_env_CCC_value=
ac_cv_env_CC_set=
ac_cv_env_CC_value=
ac_cv_env_CFLAGS_set=
ac_cv_env_CFLAGS_value=
ac_cv_env_CPPFLAGS_set=
ac_cv_env_CPPFLAGS_value=
ac_cv_env_CPP_set=
ac_cv_env_CPP_value=
ac_cv_env_CXXCPP_set=
ac_cv_env_CXXCPP_value=
ac_cv_env_CXXFLAGS_set=
ac_cv_env_CXXFLAGS_value=
ac_cv_env_CXX_set=
ac_cv_env_CXX_value=
ac_cv_env_DOXYGEN_set=
ac_cv_env_DOXYGEN_value=
ac_cv_env_GTK_CFLAGS_set=
ac_cv_env_GTK_CFLAGS_value=
ac_cv_env_GTK_LIBS_set=
ac_cv_env_GTK_LIBS_value=
ac_cv_env_LDFLAGS_set=
ac_cv_env_LDFLAGS_value=
ac_cv_env_LIBS_set=
ac_cv_env_LIBS_value=
ac_cv_env_LT_SYS_LIBRARY_PATH_set=
ac_cv_env_LT_SYS_LIBRARY_PATH_value=
ac_cv_env_MAC_INTEGRATION_CFLAGS_set=
ac_cv_env_MAC_INTEGRATION_CFLAGS_value=
ac_cv_env_MAC_INTEGRATION_LIBS_set=
ac_cv_env_MAC_INTEGRATION_LIBS_value=
ac_cv_env_PKG_CONFIG_LIBDIR_set=
ac_cv_env_PKG_CONFIG_LIBDIR_value=
ac_cv_env_PKG_CONFIG_PATH_set=
ac_cv_env_PKG_CONFIG_PATH_value=
ac_cv_env_PKG_CONFIG_set=
ac_cv_env_PKG_CONFIG_value=
ac_cv_env_PYTHON_set=
ac_cv_env_PYTHON_value=
ac_cv_env_RST2HTML_set=
ac_cv_env_RST2HTML_value=
ac_cv_env_RST2PDF_set=
ac_cv_env_RST2PDF_value=
ac_cv_env_build_alias_set=
ac_cv_env_build_alias_value=
ac_cv_env_host_alias_set=
ac_cv_env_host_alias_value=
ac_cv_env_target_alias_set=
ac_cv_env_target_alias_value=
ac_cv_func_asprintf=yes
ac_cv_func_fnmatch=yes
ac_cv_func_g_strv_equal=yes
ac_cv_func_mkstemp=yes
ac_cv_func_realpath=yes
ac_cv_func_regcomp=yes
ac_cv_func_strcasecmp=yes
ac_cv_func_strerror=yes
ac_cv_func_strncasecmp=yes
ac_cv_func_strstr=yes
ac_cv_func_truncate=yes
ac_cv_have_decl__NSGetEnviron=no
ac_cv_have_decl___environ=yes
ac_cv_header_direct_h=no
ac_cv_header_dirent_h=yes
ac_cv_header_dlfcn_h=yes
ac_cv_header_errno_h=yes
ac_cv_header_fcntl_h=yes
ac_cv_header_fnmatch_h=yes
ac_cv_header_inttypes_h=yes
ac_cv_header_io_h=no
ac_cv_header_limits_h=yes
ac_cv_header_minix_config_h=no
ac_cv_header_stdint_h=yes
ac_cv_header_stdio_h=yes
ac_cv_header_stdlib_h=yes
ac_cv_header_string_h=yes
ac_cv_header_strings_h=yes
ac_cv_header_sys_dir_h=yes
ac_cv_header_sys_stat_h=yes
ac_cv_header_sys_time_h=yes
ac_cv_header_sys_types_h=yes
ac_cv_header_unistd_h=yes
ac_cv_header_wchar_h=yes
ac_cv_host=x86_64-pc-linux-gnu
ac_cv_objext=o
ac_cv_path_DOXYGEN=no
ac_cv_path_EGREP='/usr/bin/grep -E'
ac_cv_path_FGREP='/usr/bin/grep -F'
ac_cv_path_GMSGFMT=/usr/bin/msgfmt
ac_cv_path_GREP=/usr/bin/grep
ac_cv_path_MSGFMT=/usr/bin/msgfmt
ac_cv_path_MSGMERGE=/usr/bin/msgmerge
ac_cv_path_PYTHON=/usr/bin/python3
ac_cv_path_SED=/usr/bin/sed
ac_cv_path_SORT=/usr/bin/sort
ac_cv_path_UNIQ=/usr/bin/uniq
ac_cv_path_XGETTEXT=/usr/bin/xgettext
ac_cv_path_ac_pt_PKG_CONFIG=/usr/bin/pkg-config
ac_cv_path_install='/usr/bin/install -c'
ac_cv_path_lt_DD=/usr/bin/dd
ac_cv_path_mkdir=/usr/bin/mkdir
ac_cv_prog_AWK=gawk
ac_cv_prog_CPP='gcc -E'
ac_cv_prog_CXXCPP='g++ -E'
ac_cv_prog_ac_ct_AR=ar
ac_cv_prog_ac_ct_CC=gcc
ac_cv_prog_ac_ct_CXX=g++
ac_cv_prog_ac_ct_FILECMD=file
ac_cv_prog_ac_ct_OBJDUMP=objdump
ac_cv_prog_ac_ct_RANLIB=ranlib
ac_cv_prog_ac_ct_STRIP=strip
ac_cv_prog_cc_c11=
ac_cv_prog_cc_g=yes
ac_cv_prog_cc_stdc=
ac_cv_prog_cxx_cxx11=
ac_cv_prog_cxx_g=yes
ac_cv_prog_cxx_stdcxx=
ac_cv_prog_make_make_set=yes
ac_cv_safe_to_define___extensions__=yes
ac_cv_search_connect='none required'
ac_cv_should_define__xopen_source=no
ac_cv_struct_tm=time.h
ac_cv_type_off_t=yes
ac_cv_type_size_t=yes
acl_cv_hardcode_direct=no
acl_cv_hardcode_libdir_flag_spec='${wl}-rpath ${wl}$libdir'
acl_cv_hardcode_libdir_separator=
acl_cv_hardcode_minus_L=no
acl_cv_libext=a
acl_cv_libname_spec='lib$name'
acl_cv_library_names_spec='$libname$shrext'
acl_cv_path_LD=/usr/bin/ld
acl_cv_prog_gnu_ld=yes
acl_cv_rpath=done
acl_cv_shlibext=so
acl_cv_wl=-Wl,
am_cv_CC_dependencies_compiler_type=gcc3
am_cv_CXX_dependencies_compiler_type=gcc3
am_cv_ar_interface=ar
am_cv_make_support_nested_variables=yes
am_cv_pathless_PYTHON=python3
am_cv_prog_cc_c_o=yes
am_cv_python_platform=linux
am_cv_python_pyexecdir='${PYTHON_EXEC_PREFIX}/lib/python3.12/site-packages'
am_cv_python_pythondir='${PYTHON_PREFIX}/lib/python3.12/site-packages'
am_cv_python_version=3.12
ax_cv_cxx_compile_cxx17=yes
gt_cv_func_CFLocaleCopyCurrent=no
gt_cv_func_CFPreferencesCopyAppValue=no
gt_cv_func_gnugettext1_libc=yes
lt_cv_ar_at_file=@
lt_cv_archive_cmds_need_lc=no
lt_cv_deplibs_check_method=pass_all
lt_cv_file_magic_cmd='$MAGIC_CMD'
lt_cv_file_magic_test_file=
lt_cv_ld_reload_flag=-r
lt_cv_nm_interface='BSD nm'
lt_cv_objdir=.libs
lt_cv_path_LD=/usr/bin/ld
lt_cv_path_LDCXX='/usr/bin/ld -m elf_x86_64'
lt_cv_path_NM='/usr/bin/nm -B'
lt_cv_path_mainfest_tool=no
lt_cv_prog_compiler_c_o=yes
lt_cv_prog_compiler_c_o_CXX=yes
lt_cv_prog_compiler_pic='-fPIC -DPIC'
lt_cv_prog_compiler_pic_CXX='-fPIC -DPIC'
lt_cv_prog_compiler_pic_works=yes
lt_cv_prog_compiler_pic_works_CXX=yes
lt_cv_prog_compiler_rtti_exceptions=no
lt_cv_prog_compiler_static_works=yes
lt_cv_prog_compiler_static_works_CXX=yes
lt_cv_prog_gnu_ld=yes
lt_cv_prog_gnu_ldcxx=yes
lt_cv_sharedlib_from_linklib_cmd='printf %s\n'
lt_cv_shlibpath_overrides_runpath=yes
lt_cv_sys_global_symbol_pipe='/usr/bin/sed -n -e '\''s/^.*[	 ]\([ABCDGIRSTW][ABCDGIRSTW]*\)[	 ][	 ]*\([_A-Za-z][_A-Za-z0-9]*\)$/\1 \2 \2/p'\'' | /usr/bin/sed '\''/ __gnu_lto/d'\'''
lt_cv_sys_global_symbol_to_c_name_address='/usr/bin/sed -n -e '\''s/^: \(.*\) .*$/  {"\1", (void *) 0},/p'\'' -e '\''s/^[ABCDGIRSTW][ABCDGIRSTW]* .* \(.*\)$/  {"\1", (void *) \&\1},/p'\'''
lt_cv_sys_global_symbol_to_c_name_address_lib_prefix='/usr/bin/sed -n -e '\''s/^: \(.*\) .*$/  {"\1", (void *) 0},/p'\'' -e '\''s/^[ABCDGIRSTW][ABCDGIRSTW]* .* \(lib.*\)$/  {"\1", (void *) \&\1},/p'\'' -e '\''s/^[ABCDGIRSTW][ABCDGIRSTW]* .* \(.*\)$/  {"lib\1", (void *) \&\1},/p'\'''
lt_cv_sys_global_symbol_to_cdecl='/usr/bin/sed -n -e '\''s/^T .* \(.*\)$/extern int \1();/p'\'' -e '\''s/^[ABCDGIRSTW][ABCDGIRSTW]* .* \(.*\)$/extern char \1;/p'\'''
lt_cv_sys_global_symbol_to_import=
lt_cv_sys_max_cmd_len=1572864
lt_cv_to_host_file_cmd=func_convert_file_noop
lt_cv_to_tool_file_cmd=func_convert_file_noop
lt_cv_truncate_bin='/usr/bin/dd bs=4096 count=1'
pkg_cv_GTK_CFLAGS='-I/usr/include/gtk-3.0 -I/usr/include/pango-1.0 -I/usr/include/glib-2.0 -I/usr/lib/x86_64-linux-gnu/glib-2.0/include -I/usr/include/harfbuzz -I/usr/include/freetype2 -I/usr/include/libpng16 -I/usr/include/libmount -I/usr/include/blkid -I/usr/include/fribidi -I/usr/include/cairo -I/usr/include/pixman-1 -I/usr/include/gdk-pixbuf-2.0 -I/usr/include/x86_64-linux-gnu -I/usr/include/webp -I/usr/include/gio-unix-2.0 -I/usr/include/atk-1.0 -I/usr/include/at-spi2-atk/2.0 -I/usr/include/at-spi-2.0 -I/usr/include/dbus-1.0 -I/usr/lib/x86_64-linux-gnu/dbus-1.0/include -pthread '
pkg_cv_GTK_LIBS='-lgtk-3 -lgdk-3 -lz -lpangocairo-1.0 -lpango-1.0 -lharfbuzz -latk-1.0 -lcairo-gobject -lcairo -lgdk_pixbuf-2.0 -lgio-2.0 -lgobject-2.0 -lgmodule-2.0 -lgthread-2.0 -pthread -lglib-2.0 '

## ----------------- ##
## Output variables. ##
## ----------------- ##

ACLOCAL='${SHELL} '\''/home/nakselano/geany-2.0/build-aux/missing'\'' aclocal-1.16'
ALLOCA=''
AMDEPBACKSLASH='\'
AMDEP_FALSE='#'
AMDEP_TRUE=''
AMTAR='$${TAR-tar}'
AM_BACKSLASH='\'
AM_DEFAULT_V='$(AM_DEFAULT_VERBOSITY)'
AM_DEFAULT_VERBOSITY='0'
AM_V='$(V)'
AR='ar'
AUTOCONF='${SHELL} '\''/home/nakselano/geany-2.0/build-aux/missing'\'' autoconf'
AUTOHEADER='${SHELL} '\''/home/nakselano/geany-2.0/build-aux/missing'\'' autoheader'
AUTOMAKE='${SHELL} '\''/home/nakselano/geany-2.0/build-aux/missing'\'' automake-1.16'
AWK='gawk'
CC='gcc'
CCDEPMODE='depmode=gcc3'
CFLAGS='-g -O2'
CPP='gcc -E'
CPPFLAGS=''
CSCOPE='cscope'
CTAGS='ctags'
CXX='g++'
CXXCPP='g++ -E'
CXXDEPMODE='depmode=gcc3'
CXXFLAGS='-g -O2'
CYGPATH_W='echo'
DEFS='-DHAVE_CONFIG_H'
DEPDIR='.deps'
DEPENDENCIES='gtk+-3.0 >= 3.24 glib-2.0 >= 2.32'
DLLTOOL='false'
DOXYGEN='no'
DSYMUTIL=''
DUMPBIN=''
ECHO_C=''
ECHO_N='-n'
ECHO_T=''
EGREP='/usr/bin/grep -E'
ENABLE_BINRELOC_FALSE=''
ENABLE_BINRELOC_TRUE='#'
ENABLE_GTKDOC_HEADER_FALSE=''
ENABLE_GTKDOC_HEADER_TRUE='#'
ENABLE_MAC_INTEGRATION_FALSE=''
ENABLE_MAC_INTEGRATION_TRUE='#'
ETAGS='etags'
EXEEXT=''
FGREP='/usr/bin/grep -F'
FILECMD='file'
GEANY_DATA_DIR='/usr/local/share/geany'
GETTEXT_MACRO_VERSION='0.19'
GETTEXT_PACKAGE='geany'
GMSGFMT='/usr/bin/msgfmt'
GMSGFMT_015='/usr/bin/msgfmt'
GREP='/usr/bin/grep'
GTK_CFLAGS='-I/usr/include/gtk-3.0 -I/usr/include/pango-1.0 -I/usr/include/glib-2.0 -I/usr/lib/x86_64-linux-gnu/glib-2.0/include -I/usr/include/harfbuzz -I/usr/include/freetype2 -I/usr/include/libpng16 -I/usr/include/libmount -I/usr/include/blkid -I/usr/include/fribidi -I/usr/include/cairo -I/usr/include/pixman-1 -I/usr/include/gdk-pixbuf-2.0 -I/usr/include/x86_64-linux-gnu -I/usr/include/webp -I/usr/include/gio-unix-2.0 -I/usr/include/atk-1.0 -I/usr/include/at-spi2-atk/2.0 -I/usr/include/at-spi-2.0 -I/usr/include/dbus-1.0 -I/usr/lib/x86_64-linux-gnu/dbus-1.0/include -pthread  -DGLIB_VERSION_MIN_REQUIRED=GLIB_VERSION_2_32 -DGDK_DISABLE_DEPRECATION_WARNINGS'
GTK_LIBS='-lgtk-3 -lgdk-3 -lz -lpangocairo-1.0 -lpango-1.0 -lharfbuzz -latk-1.0 -lcairo-gobject -lcairo -lgdk_pixbuf-2.0 -lgio-2.0 -lgobject-2.0 -lgmodule-2.0 -lgthread-2.0 -pthread -lglib-2.0 '
GTK_VERSION='3.24.41'
HAVE_CXX17='1'
INSTALL_DATA='${INSTALL} -m 644'
INSTALL_HTML_DOCS_FALSE='#'
INSTALL_HTML_DOCS_TRUE=''
INSTALL_PROGRAM='${INSTALL}'
INSTALL_SCRIPT='${INSTALL}'
INSTALL_STRIP_PROGRAM='$(install_sh) -c -s'
INTLLIBS=''
INTL_MACOSX_LIBS=''
LD='/usr/bin/ld -m elf_x86_64'
LDFLAGS=''
LIBGEANY_CFLAGS='-fvisibility=hidden -DGEANY_EXPORT_SYMBOL="__attribute__((visibility(\"default\")))" -DGEANY_API_SYMBOL=GEANY_EXPORT_SYMBOL'
LIBGEANY_EXPORT_CFLAGS='-fvisibility=hidden -DGEANY_EXPORT_SYMBOL="__attribute__((visibility(\"default\")))" -DGEANY_API_SYMBOL=GEANY_EXPORT_SYMBOL'
LIBGEANY_LDFLAGS='-version-info 0:0:0'
LIBICONV='-liconv'
LIBINTL=''
LIBOBJS=''
LIBS=''
LIBTOOL='$(SHELL) $(top_builddir)/libtool --silent'
LIPO=''
LN_S='ln -s'
LTLIBICONV='-liconv'
LTLIBINTL=''
LTLIBOBJS=''
LT_SYS_LIBRARY_PATH=''
MAC_INTEGRATION_CFLAGS=''
MAC_INTEGRATION_LIBS=''
MAKEINFO='${SHELL} '\''/home/nakselano/geany-2.0/build-aux/missing'\'' makeinfo'
MANIFEST_TOOL=':'
MINGW_FALSE=''
MINGW_TRUE='#'
MKDIR_P='/usr/bin/mkdir -p'
MSGFMT='/usr/bin/msgfmt'
MSGFMT_015='/usr/bin/msgfmt'
MSGMERGE='/usr/bin/msgmerge'
NM='/usr/bin/nm -B'
NMEDIT=''
OBJDUMP='objdump'
OBJEXT='o'
OTOOL64=''
OTOOL=''
PACKAGE='geany'
PACKAGE_BUGREPORT='https://github.com/geany/geany/issues'
PACKAGE_NAME='Geany'
PACKAGE_STRING='Geany 2.0'
PACKAGE_TARNAME='geany'
PACKAGE_URL=''
PACKAGE_VERSION='2.0'
PATH_SEPARATOR=':'
PKG_CONFIG='/usr/bin/pkg-config'
PKG_CONFIG_LIBDIR=''
PKG_CONFIG_PATH=''
PLUGINS_FALSE='#'
PLUGINS_TRUE=''
POSUB='po'
PYTHON='/usr/bin/python3'
PYTHON_COMMAND='python'
PYTHON_EXEC_PREFIX='${exec_prefix}'
PYTHON_PLATFORM='linux'
PYTHON_PREFIX='${prefix}'
PYTHON_VERSION='3.12'
RANLIB='ranlib'
RST2HTML='no'
RST2PDF='no'
SED='/usr/bin/sed'
SET_MAKE=''
SHELL='/bin/bash'
SORT='/usr/bin/sort'
STRIP='strip'
UNIQ='/usr/bin/uniq'
USE_BUNDLED_FNMATCH_FALSE=''
USE_BUNDLED_FNMATCH_TRUE='#'
USE_BUNDLED_REGEX_FALSE=''
USE_BUNDLED_REGEX_TRUE='#'
USE_NLS='yes'
VERSION='2.0'
WITH_DOXYGEN_FALSE=''
WITH_DOXYGEN_TRUE='#'
WITH_RST2HTML_FALSE=''
WITH_RST2HTML_TRUE='#'
WITH_RST2PDF_FALSE=''
WITH_RST2PDF_TRUE='#'
XGETTEXT='/usr/bin/xgettext'
XGETTEXT_015='/usr/bin/xgettext'
XGETTEXT_EXTRA_OPTIONS=''
ac_ct_AR='ar'
ac_ct_CC='gcc'
ac_ct_CXX='g++'
ac_ct_DUMPBIN=''
am__EXEEXT_FALSE=''
am__EXEEXT_TRUE='#'
am__fastdepCC_FALSE='#'
am__fastdepCC_TRUE=''
am__fastdepCXX_FALSE='#'
am__fastdepCXX_TRUE=''
am__include='include'
am__isrc=''
am__leading_dot='.'
am__nodep='_no'
am__quote=''
am__tar='$${TAR-tar} chof - "$$tardir"'
am__untar='$${TAR-tar} xf -'
bindir='${exec_prefix}/bin'
build='x86_64-pc-linux-gnu'
build_alias=''
build_cpu='x86_64'
build_os='linux-gnu'
build_vendor='pc'
datadir='${datarootdir}'
datarootdir='${prefix}/share'
docdir='${datarootdir}/doc/${PACKAGE_TARNAME}'
dvidir='${docdir}'
exec_prefix='/usr/local'
host='x86_64-pc-linux-gnu'
host_alias=''
host_cpu='x86_64'
host_os='linux-gnu'
host_vendor='pc'
htmldir='${docdir}'
includedir='${prefix}/include'
infodir='${datarootdir}/info'
install_sh='${SHELL} /home/nakselano/geany-2.0/build-aux/install-sh'
libdir='${exec_prefix}/lib'
libexecdir='${exec_prefix}/libexec'
localedir='${datarootdir}/locale'
localstatedir='${prefix}/var'
mandir='${datarootdir}/man'
mkdir_p='$(MKDIR_P)'
oldincludedir='/usr/include'
pdfdir='${docdir}'
pkgdatadir='${datarootdir}/geany'
pkgpyexecdir='${pyexecdir}/geany'
pkgpythondir='${pythondir}/geany'
prefix='/usr/local'
program_transform_name='s,x,x,'
psdir='${docdir}'
pyexecdir='${PYTHON_EXEC_PREFIX}/lib/python3.12/site-packages'
pythondir='${PYTHON_PREFIX}/lib/python3.12/site-packages'
runstatedir='${localstatedir}/run'
sbindir='${exec_prefix}/sbin'
sharedstatedir='${prefix}/com'
sysconfdir='${prefix}/etc'
target_alias=''

## ----------- ##
## confdefs.h. ##
## ----------- ##

/* confdefs.h */
#define PACKAGE_NAME "Geany"
#define PACKAGE_TARNAME "geany"
#define PACKAGE_VERSION "2.0"
#define PACKAGE_STRING "Geany 2.0"
#define PACKAGE_BUGREPORT "https://github.com/geany/geany/issues"
#define PACKAGE_URL ""
#define PACKAGE "geany"
#define VERSION "2.0"
#define HAVE_STDIO_H 1
#define HAVE_STDLIB_H 1
#define HAVE_STRING_H 1
#define HAVE_INTTYPES_H 1
#define HAVE_STDINT_H 1
#define HAVE_STRINGS_H 1
#define HAVE_SYS_STAT_H 1
#define HAVE_SYS_TYPES_H 1
#define HAVE_UNISTD_H 1
#define HAVE_WCHAR_H 1
#define STDC_HEADERS 1
#define _ALL_SOURCE 1
#define _DARWIN_C_SOURCE 1
#define _GNU_SOURCE 1
#define _HPUX_ALT_XOPEN_SOCKET_API 1
#define _NETBSD_SOURCE 1
#define _OPENBSD_SOURCE 1
#define _POSIX_PTHREAD_SEMANTICS 1
#define __STDC_WANT_IEC_60559_ATTRIBS_EXT__ 1
#define __STDC_WANT_IEC_60559_BFP_EXT__ 1
#define __STDC_WANT_IEC_60559_DFP_EXT__ 1
#define __STDC_WANT_IEC_60559_FUNCS_EXT__ 1
#define __STDC_WANT_IEC_60559_TYPES_EXT__ 1
#define __STDC_WANT_LIB_EXT2__ 1
#define __STDC_WANT_MATH_SPEC_FUNCS__ 1
#define _TANDEM_SOURCE 1
#define __EXTENSIONS__ 1
#define ENABLE_NLS 1
#define HAVE_GETTEXT 1
#define HAVE_DCGETTEXT 1
#define HAVE_DLFCN_H 1
#define LT_OBJDIR ".libs/"
#define HAVE_CXX17 1
#define HAVE_FCNTL_H 1
#define HAVE_STDLIB_H 1
#define HAVE_SYS_TIME_H 1
#define HAVE_ERRNO_H 1
#define HAVE_LIMITS_H 1
#define HAVE_DIRENT_H 1
#define HAVE_FNMATCH_H 1
#define HAVE_SYS_DIR_H 1
#define HAVE_STDBOOL_H 1
#define HAVE_REALPATH 1
#define HAVE_STRERROR 1
#define HAVE_STRSTR 1
#define HAVE_ASPRINTF 1
#define HAVE_MKSTEMP 1
#define HAVE_STRCASECMP 1
#define HAVE_STRNCASECMP 1
#define HAVE_TRUNCATE 1
#define HAVE_DECL___ENVIRON 1
#define HAVE_DECL__NSGETENVIRON 0
#define REVISION "-1"
#define HAVE_G_STRV_EQUAL 1
#define HAVE_REGCOMP 1
#define HAVE_PLUGINS 1
#define HAVE_SOCKET 1
#define HAVE_VTE 1
#define GETTEXT_PACKAGE "geany"

configure: exit 0
